SITES	site0	site1
7000	RELEASED	site0	1
7000	ACCEPTED	site1	1
7000	STARTED	site1	1
88000	RELEASED	site0	2
88000	ACCEPTED	site1	2
88000	STARTED	site1	1
198000	RELEASED	site0	3
198000	REJECTED	site0	3
593000	RELEASED	site0	4
593000	ACCEPTED	site1	4
593000	STARTED	site1	1
734000	RELEASED	site0	5
734000	ACCEPTED	site1	5
734000	STARTED	site1	1
771000	RELEASED	site0	6
771000	REJECTED	site0	6
906000	RELEASED	site0	7
906000	REJECTED	site0	7
1152000	RELEASED	site0	8
1152000	REJECTED	site0	8
1155000	RELEASED	site0	9
1155000	REJECTED	site0	9
1181000	RELEASED	site0	10
1181000	ACCEPTED	site1	10
1181000	STARTED	site1	1
1387000	RELEASED	site0	11
1387000	REJECTED	site0	11
1423000	RELEASED	site0	12
1423000	REJECTED	site0	12
1467000	RELEASED	site0	13
1467000	REJECTED	site0	13
1543000	RELEASED	site0	14
1543000	REJECTED	site0	14
1575000	RELEASED	site0	15
1575000	REJECTED	site0	15
1575000	RELEASED	site0	16
1575000	REJECTED	site0	16
1575000	RELEASED	site0	17
1575000	REJECTED	site0	17
1575000	RELEASED	site0	18
1575000	REJECTED	site0	18
1575000	RELEASED	site0	19
1575000	REJECTED	site0	19
1575000	RELEASED	site0	20
1575000	REJECTED	site0	20
1575000	RELEASED	site0	21
1575000	REJECTED	site0	21
1575000	RELEASED	site0	22
1575000	REJECTED	site0	22
1575000	RELEASED	site0	23
1575000	REJECTED	site0	23
1576000	RELEASED	site0	24
1576000	REJECTED	site0	24
1576000	RELEASED	site0	25
1576000	REJECTED	site0	25
1576000	RELEASED	site0	26
1576000	REJECTED	site0	26
1576000	RELEASED	site0	27
1576000	REJECTED	site0	27
1576000	RELEASED	site0	28
1576000	REJECTED	site0	28
1576000	RELEASED	site0	29
1576000	REJECTED	site0	29
1576000	RELEASED	site0	30
1576000	REJECTED	site0	30
1576000	RELEASED	site0	31
1576000	REJECTED	site0	31
1576000	RELEASED	site0	32
1576000	REJECTED	site0	32
1577000	RELEASED	site0	33
1577000	REJECTED	site0	33
1577000	RELEASED	site0	34
1577000	REJECTED	site0	34
1577000	RELEASED	site0	35
1577000	REJECTED	site0	35
1577000	RELEASED	site0	36
1577000	REJECTED	site0	36
1577000	RELEASED	site0	37
1577000	REJECTED	site0	37
1577000	RELEASED	site0	38
1577000	REJECTED	site0	38
1577000	RELEASED	site0	39
1577000	REJECTED	site0	39
1577000	RELEASED	site0	40
1577000	REJECTED	site0	40
1577000	RELEASED	site0	41
1577000	REJECTED	site0	41
1577000	RELEASED	site0	42
1577000	REJECTED	site0	42
1578000	RELEASED	site0	43
1578000	REJECTED	site0	43
1578000	RELEASED	site0	44
1578000	REJECTED	site0	44
1578000	RELEASED	site0	45
1578000	REJECTED	site0	45
1578000	RELEASED	site0	46
1578000	REJECTED	site0	46
1578000	RELEASED	site0	47
1578000	REJECTED	site0	47
1578000	RELEASED	site0	48
1578000	REJECTED	site0	48
1578000	RELEASED	site0	49
1578000	REJECTED	site0	49
1578000	RELEASED	site0	50
1578000	REJECTED	site0	50
1578000	RELEASED	site0	51
1578000	REJECTED	site0	51
1579000	RELEASED	site0	52
1579000	REJECTED	site0	52
1579000	RELEASED	site0	53
1579000	REJECTED	site0	53
1579000	RELEASED	site0	54
1579000	REJECTED	site0	54
1579000	RELEASED	site0	55
1579000	REJECTED	site0	55
1579000	RELEASED	site0	56
1579000	REJECTED	site0	56
1579000	RELEASED	site0	57
1579000	REJECTED	site0	57
1579000	RELEASED	site0	58
1579000	REJECTED	site0	58
1579000	RELEASED	site0	59
1579000	REJECTED	site0	59
1579000	RELEASED	site0	60
1579000	REJECTED	site0	60
1580000	RELEASED	site0	61
1580000	REJECTED	site0	61
1580000	RELEASED	site0	62
1580000	REJECTED	site0	62
1580000	RELEASED	site0	63
1580000	REJECTED	site0	63
1580000	RELEASED	site0	64
1580000	REJECTED	site0	64
1771000	RELEASED	site0	65
1771000	REJECTED	site0	65
1831000	RELEASED	site0	66
1831000	REJECTED	site0	66
1913000	RELEASED	site0	67
1913000	REJECTED	site0	67
2060000	RELEASED	site0	68
2060000	ACCEPTED	site1	68
2060000	STARTED	site1	1
2088000	RELEASED	site0	69
2088000	REJECTED	site0	69
2165000	RELEASED	site0	70
2165000	REJECTED	site0	70
2247000	RELEASED	site0	71
2247000	ACCEPTED	site1	71
2247000	STARTED	site1	1
2248000	RELEASED	site0	72
2248000	ACCEPTED	site1	72
2248000	STARTED	site1	1
2248000	RELEASED	site0	73
2248000	REJECTED	site0	73
2248000	RELEASED	site0	74
2248000	REJECTED	site0	74
2248000	RELEASED	site0	75
2248000	REJECTED	site0	75
2248000	RELEASED	site0	76
2248000	REJECTED	site0	76
2248000	RELEASED	site0	77
2248000	REJECTED	site0	77
2248000	RELEASED	site0	78
2248000	REJECTED	site0	78
2248000	RELEASED	site0	79
2248000	REJECTED	site0	79
2248000	RELEASED	site0	80
2248000	REJECTED	site0	80
2248000	RELEASED	site0	81
2248000	REJECTED	site0	81
2249000	RELEASED	site0	82
2249000	ACCEPTED	site1	82
2249000	STARTED	site1	1
2249000	RELEASED	site0	83
2249000	REJECTED	site0	83
2249000	RELEASED	site0	84
2249000	REJECTED	site0	84
2249000	RELEASED	site0	85
2249000	REJECTED	site0	85
2249000	RELEASED	site0	86
2249000	REJECTED	site0	86
2249000	RELEASED	site0	87
2249000	REJECTED	site0	87
2249000	RELEASED	site0	88
2249000	REJECTED	site0	88
2249000	RELEASED	site0	89
2249000	REJECTED	site0	89
2249000	RELEASED	site0	90
2249000	REJECTED	site0	90
2249000	RELEASED	site0	91
2249000	REJECTED	site0	91
2250000	RELEASED	site0	92
2250000	REJECTED	site0	92
2250000	RELEASED	site0	93
2250000	REJECTED	site0	93
2250000	RELEASED	site0	94
2250000	REJECTED	site0	94
2250000	RELEASED	site0	95
2250000	REJECTED	site0	95
2250000	RELEASED	site0	96
2250000	REJECTED	site0	96
2250000	RELEASED	site0	97
2250000	REJECTED	site0	97
2250000	RELEASED	site0	98
2250000	REJECTED	site0	98
2250000	RELEASED	site0	99
2250000	REJECTED	site0	99
2250000	RELEASED	site0	100
2250000	REJECTED	site0	100
2251000	RELEASED	site0	101
2251000	REJECTED	site0	101
2251000	RELEASED	site0	102
2251000	REJECTED	site0	102
2251000	RELEASED	site0	103
2251000	REJECTED	site0	103
2251000	RELEASED	site0	104
2251000	REJECTED	site0	104
2251000	RELEASED	site0	105
2251000	REJECTED	site0	105
2251000	RELEASED	site0	106
2251000	REJECTED	site0	106
2251000	RELEASED	site0	107
2251000	REJECTED	site0	107
2251000	RELEASED	site0	108
2251000	REJECTED	site0	108
2251000	RELEASED	site0	109
2251000	REJECTED	site0	109
2251000	RELEASED	site0	110
2251000	REJECTED	site0	110
2252000	RELEASED	site0	111
2252000	REJECTED	site0	111
2252000	RELEASED	site0	112
2252000	REJECTED	site0	112
2252000	RELEASED	site0	113
2252000	REJECTED	site0	113
2252000	RELEASED	site0	114
2252000	REJECTED	site0	114
2252000	RELEASED	site0	115
2252000	REJECTED	site0	115
2252000	RELEASED	site0	116
2252000	REJECTED	site0	116
2252000	RELEASED	site0	117
2252000	REJECTED	site0	117
2253000	RELEASED	site0	118
2253000	REJECTED	site0	118
2253000	RELEASED	site0	119
2253000	REJECTED	site0	119
2253000	RELEASED	site0	120
2253000	REJECTED	site0	120
2253000	RELEASED	site0	121
2253000	REJECTED	site0	121
2253000	RELEASED	site0	122
2253000	REJECTED	site0	122
2253000	RELEASED	site0	123
2253000	REJECTED	site0	123
2253000	RELEASED	site0	124
2253000	REJECTED	site0	124
2253000	RELEASED	site0	125
2253000	REJECTED	site0	125
2253000	RELEASED	site0	126
2253000	REJECTED	site0	126
2254000	RELEASED	site0	127
2254000	REJECTED	site0	127
2254000	RELEASED	site0	128
2254000	REJECTED	site0	128
2254000	RELEASED	site0	129
2254000	REJECTED	site0	129
2254000	RELEASED	site0	130
2254000	REJECTED	site0	130
2254000	RELEASED	site0	131
2254000	REJECTED	site0	131
2254000	RELEASED	site0	132
2254000	REJECTED	site0	132
2255000	RELEASED	site0	133
2255000	REJECTED	site0	133
2255000	RELEASED	site0	134
2255000	REJECTED	site0	134
2255000	RELEASED	site0	135
2255000	REJECTED	site0	135
2255000	RELEASED	site0	136
2255000	REJECTED	site0	136
2255000	RELEASED	site0	137
2255000	REJECTED	site0	137
2256000	RELEASED	site0	138
2256000	REJECTED	site0	138
2256000	RELEASED	site0	139
2256000	REJECTED	site0	139
2256000	RELEASED	site0	140
2256000	REJECTED	site0	140
2256000	RELEASED	site0	141
2256000	REJECTED	site0	141
2256000	RELEASED	site0	142
2256000	REJECTED	site0	142
2256000	RELEASED	site0	143
2256000	REJECTED	site0	143
2257000	RELEASED	site0	144
2257000	REJECTED	site0	144
2257000	RELEASED	site0	145
2257000	REJECTED	site0	145
2257000	RELEASED	site0	146
2257000	REJECTED	site0	146
2257000	RELEASED	site0	147
2257000	REJECTED	site0	147
2257000	RELEASED	site0	148
2257000	REJECTED	site0	148
2257000	RELEASED	site0	149
2257000	REJECTED	site0	149
2258000	RELEASED	site0	150
2258000	REJECTED	site0	150
2258000	RELEASED	site0	151
2258000	REJECTED	site0	151
2258000	RELEASED	site0	152
2258000	REJECTED	site0	152
2258000	RELEASED	site0	153
2258000	REJECTED	site0	153
2258000	RELEASED	site0	154
2258000	REJECTED	site0	154
2259000	RELEASED	site0	155
2259000	REJECTED	site0	155
2259000	RELEASED	site0	156
2259000	REJECTED	site0	156
2259000	RELEASED	site0	157
2259000	REJECTED	site0	157
2259000	RELEASED	site0	158
2259000	REJECTED	site0	158
2259000	RELEASED	site0	159
2259000	REJECTED	site0	159
2259000	RELEASED	site0	160
2259000	REJECTED	site0	160
2260000	RELEASED	site0	161
2260000	REJECTED	site0	161
2260000	RELEASED	site0	162
2260000	REJECTED	site0	162
2260000	RELEASED	site0	163
2260000	REJECTED	site0	163
2260000	RELEASED	site0	164
2260000	REJECTED	site0	164
2260000	RELEASED	site0	165
2260000	REJECTED	site0	165
2261000	RELEASED	site0	166
2261000	REJECTED	site0	166
2261000	RELEASED	site0	167
2261000	REJECTED	site0	167
2261000	RELEASED	site0	168
2261000	REJECTED	site0	168
2261000	RELEASED	site0	169
2261000	REJECTED	site0	169
2261000	RELEASED	site0	170
2261000	REJECTED	site0	170
2261000	RELEASED	site0	171
2261000	REJECTED	site0	171
2262000	RELEASED	site0	172
2262000	REJECTED	site0	172
2262000	RELEASED	site0	173
2262000	REJECTED	site0	173
2262000	RELEASED	site0	174
2262000	REJECTED	site0	174
2262000	RELEASED	site0	175
2262000	REJECTED	site0	175
2262000	RELEASED	site0	176
2262000	REJECTED	site0	176
2262000	RELEASED	site0	177
2262000	REJECTED	site0	177
2262000	RELEASED	site0	178
2262000	REJECTED	site0	178
2262000	RELEASED	site0	179
2262000	REJECTED	site0	179
2263000	RELEASED	site0	180
2263000	REJECTED	site0	180
2263000	RELEASED	site0	181
2263000	REJECTED	site0	181
2263000	RELEASED	site0	182
2263000	REJECTED	site0	182
2263000	RELEASED	site0	183
2263000	REJECTED	site0	183
2263000	RELEASED	site0	184
2263000	REJECTED	site0	184
2263000	RELEASED	site0	185
2263000	REJECTED	site0	185
2263000	RELEASED	site0	186
2263000	REJECTED	site0	186
2263000	RELEASED	site0	187
2263000	REJECTED	site0	187
2263000	RELEASED	site0	188
2263000	REJECTED	site0	188
2264000	RELEASED	site0	189
2264000	REJECTED	site0	189
2264000	RELEASED	site0	190
2264000	REJECTED	site0	190
2264000	RELEASED	site0	191
2264000	REJECTED	site0	191
2264000	RELEASED	site0	192
2264000	REJECTED	site0	192
2264000	RELEASED	site0	193
2264000	REJECTED	site0	193
2264000	RELEASED	site0	194
2264000	REJECTED	site0	194
2264000	RELEASED	site0	195
2264000	REJECTED	site0	195
2264000	RELEASED	site0	196
2264000	REJECTED	site0	196
2264000	RELEASED	site0	197
2264000	REJECTED	site0	197
2265000	RELEASED	site0	198
2265000	REJECTED	site0	198
2265000	RELEASED	site0	199
2265000	REJECTED	site0	199
2265000	RELEASED	site0	200
2265000	REJECTED	site0	200
2265000	RELEASED	site0	201
2265000	REJECTED	site0	201
2265000	RELEASED	site0	202
2265000	REJECTED	site0	202
2265000	RELEASED	site0	203
2265000	REJECTED	site0	203
2265000	RELEASED	site0	204
2265000	REJECTED	site0	204
2265000	RELEASED	site0	205
2265000	REJECTED	site0	205
2266000	RELEASED	site0	206
2266000	REJECTED	site0	206
2266000	RELEASED	site0	207
2266000	REJECTED	site0	207
2266000	RELEASED	site0	208
2266000	REJECTED	site0	208
2266000	RELEASED	site0	209
2266000	REJECTED	site0	209
2266000	RELEASED	site0	210
2266000	REJECTED	site0	210
2266000	RELEASED	site0	211
2266000	REJECTED	site0	211
2266000	RELEASED	site0	212
2266000	REJECTED	site0	212
2266000	RELEASED	site0	213
2266000	REJECTED	site0	213
2267000	RELEASED	site0	214
2267000	REJECTED	site0	214
2267000	RELEASED	site0	215
2267000	REJECTED	site0	215
2267000	RELEASED	site0	216
2267000	REJECTED	site0	216
2267000	RELEASED	site0	217
2267000	REJECTED	site0	217
2267000	RELEASED	site0	218
2267000	REJECTED	site0	218
2267000	RELEASED	site0	219
2267000	REJECTED	site0	219
2350000	RELEASED	site0	220
2350000	REJECTED	site0	220
2417000	COMPLETED	site1	1
2417000	STARTED	site1	72
2476000	COMPLETED	site1	72
2476000	STARTED	site1	82
2541000	COMPLETED	site1	82
2541000	STARTED	site1	10
2597000	RELEASED	site0	221
2597000	ACCEPTED	site1	221
2597000	STARTED	site1	10
2623000	RELEASED	site0	222
2623000	REJECTED	site0	222
2695000	RELEASED	site0	223
2695000	ACCEPTED	site1	223
2695000	STARTED	site1	10
2707000	COMPLETED	site1	10
2707000	STARTED	site1	5
2743000	RELEASED	site0	224
2743000	REJECTED	site0	224
2834000	COMPLETED	site1	5
2834000	STARTED	site1	68
2835000	COMPLETED	site1	68
2835000	STARTED	site1	2
2986000	COMPLETED	site1	2
2986000	STARTED	site1	221
3070000	RELEASED	site0	225
3070000	ACCEPTED	site1	225
3070000	STARTED	site1	225
3098000	RELEASED	site0	226
3098000	ACCEPTED	site1	226
3098000	STARTED	site1	226
3144000	RELEASED	site0	227
3144000	ACCEPTED	site1	227
3144000	STARTED	site1	226
3163000	COMPLETED	site1	226
3163000	STARTED	site1	227
3227000	RELEASED	site0	228
3227000	REJECTED	site0	228
3234000	COMPLETED	site1	227
3234000	STARTED	site1	225
3245000	COMPLETED	site1	225
3245000	STARTED	site1	221
3481000	COMPLETED	site1	221
3481000	STARTED	site1	223
3552000	RELEASED	site0	229
3552000	ACCEPTED	site1	229
3552000	STARTED	site1	229
3603000	RELEASED	site0	230
3603000	ACCEPTED	site1	230
3603000	STARTED	site1	230
3604000	RELEASED	site0	231
3604000	ACCEPTED	site1	231
3604000	STARTED	site1	231
3620000	COMPLETED	site1	231
3620000	STARTED	site1	230
3638000	COMPLETED	site1	230
3638000	STARTED	site1	229
3645000	COMPLETED	site1	229
3645000	STARTED	site1	223
3650000	RELEASED	site0	232
3650000	REJECTED	site0	232
3651000	RELEASED	site0	233
3651000	ACCEPTED	site1	233
3651000	STARTED	site1	233
3667000	COMPLETED	site1	233
3667000	STARTED	site1	223
3668000	COMPLETED	site1	223
3668000	STARTED	site1	4
3686000	RELEASED	site0	234
3686000	REJECTED	site0	234
3688000	RELEASED	site0	235
3688000	ACCEPTED	site1	235
3688000	STARTED	site1	235
3704000	COMPLETED	site1	235
3704000	STARTED	site1	4
3706000	RELEASED	site0	236
3706000	REJECTED	site0	236
3718000	RELEASED	site0	237
3718000	ACCEPTED	site1	237
3718000	STARTED	site1	237
3723000	RELEASED	site0	238
3723000	ACCEPTED	site1	238
3723000	STARTED	site1	238
3724000	RELEASED	site0	239
3724000	ACCEPTED	site1	239
3724000	STARTED	site1	239
3741000	COMPLETED	site1	239
3741000	STARTED	site1	238
3759000	COMPLETED	site1	238
3759000	STARTED	site1	237
3760000	RELEASED	site0	240
3760000	REJECTED	site0	240
3761000	RELEASED	site0	241
3761000	ACCEPTED	site1	241
3761000	STARTED	site1	241
3777000	COMPLETED	site1	241
3777000	STARTED	site1	237
3796000	RELEASED	site0	242
3796000	REJECTED	site0	242
3797000	RELEASED	site0	243
3797000	ACCEPTED	site1	243
3797000	STARTED	site1	243
3811000	COMPLETED	site1	243
3811000	STARTED	site1	237
3845000	COMPLETED	site1	237
3845000	STARTED	site1	4
4081000	RELEASED	site0	244
4081000	REJECTED	site0	244
4297000	RELEASED	site0	245
4297000	ACCEPTED	site1	245
4297000	STARTED	site1	245
4318000	COMPLETED	site1	245
4318000	STARTED	site1	4
4364000	RELEASED	site0	246
4364000	REJECTED	site0	246
4418000	RELEASED	site0	247
4418000	REJECTED	site0	247
4484000	RELEASED	site0	248
4484000	REJECTED	site0	248
4701000	RELEASED	site0	249
4701000	REJECTED	site0	249
4772000	COMPLETED	site1	4
4772000	STARTED	site1	71
4858000	COMPLETED	site1	71
4877000	RELEASED	site0	250
4877000	ACCEPTED	site1	250
4877000	STARTED	site1	250
4901000	COMPLETED	site1	250
4929000	RELEASED	site0	251
4929000	ACCEPTED	site1	251
4929000	STARTED	site1	251
4981000	COMPLETED	site1	251
4987000	RELEASED	site0	252
4987000	ACCEPTED	site1	252
4987000	STARTED	site1	252
5060000	RELEASED	site0	253
5060000	ACCEPTED	site1	253
5060000	STARTED	site1	252
5086000	RELEASED	site0	254
5086000	REJECTED	site0	254
5117000	RELEASED	site0	255
5117000	REJECTED	site0	255
5117000	RELEASED	site0	256
5117000	REJECTED	site0	256
5117000	RELEASED	site0	257
5117000	REJECTED	site0	257
5117000	RELEASED	site0	258
5117000	REJECTED	site0	258
5117000	RELEASED	site0	259
5117000	REJECTED	site0	259
5117000	RELEASED	site0	260
5117000	REJECTED	site0	260
5117000	RELEASED	site0	261
5117000	REJECTED	site0	261
5117000	RELEASED	site0	262
5117000	REJECTED	site0	262
5117000	RELEASED	site0	263
5117000	REJECTED	site0	263
5117000	RELEASED	site0	264
5117000	REJECTED	site0	264
5118000	RELEASED	site0	265
5118000	REJECTED	site0	265
5118000	RELEASED	site0	266
5118000	REJECTED	site0	266
5118000	RELEASED	site0	267
5118000	REJECTED	site0	267
5118000	RELEASED	site0	268
5118000	REJECTED	site0	268
5118000	RELEASED	site0	269
5118000	REJECTED	site0	269
5118000	RELEASED	site0	270
5118000	REJECTED	site0	270
5118000	RELEASED	site0	271
5118000	REJECTED	site0	271
5118000	RELEASED	site0	272
5118000	REJECTED	site0	272
5118000	RELEASED	site0	273
5118000	REJECTED	site0	273
5118000	RELEASED	site0	274
5118000	REJECTED	site0	274
5119000	RELEASED	site0	275
5119000	REJECTED	site0	275
5119000	RELEASED	site0	276
5119000	REJECTED	site0	276
5119000	RELEASED	site0	277
5119000	REJECTED	site0	277
5119000	RELEASED	site0	278
5119000	REJECTED	site0	278
5119000	RELEASED	site0	279
5119000	REJECTED	site0	279
5119000	RELEASED	site0	280
5119000	REJECTED	site0	280
5119000	RELEASED	site0	281
5119000	REJECTED	site0	281
5119000	RELEASED	site0	282
5119000	REJECTED	site0	282
5119000	RELEASED	site0	283
5119000	REJECTED	site0	283
5119000	RELEASED	site0	284
5119000	REJECTED	site0	284
5120000	RELEASED	site0	285
5120000	REJECTED	site0	285
5120000	RELEASED	site0	286
5120000	REJECTED	site0	286
5120000	RELEASED	site0	287
5120000	REJECTED	site0	287
5120000	RELEASED	site0	288
5120000	REJECTED	site0	288
5120000	RELEASED	site0	289
5120000	REJECTED	site0	289
5120000	RELEASED	site0	290
5120000	REJECTED	site0	290
5120000	RELEASED	site0	291
5120000	REJECTED	site0	291
5120000	RELEASED	site0	292
5120000	REJECTED	site0	292
5120000	RELEASED	site0	293
5120000	REJECTED	site0	293
5120000	RELEASED	site0	294
5120000	REJECTED	site0	294
5121000	RELEASED	site0	295
5121000	REJECTED	site0	295
5121000	RELEASED	site0	296
5121000	REJECTED	site0	296
5121000	RELEASED	site0	297
5121000	REJECTED	site0	297
5121000	RELEASED	site0	298
5121000	REJECTED	site0	298
5121000	RELEASED	site0	299
5121000	REJECTED	site0	299
5121000	RELEASED	site0	300
5121000	REJECTED	site0	300
5121000	RELEASED	site0	301
5121000	REJECTED	site0	301
5121000	RELEASED	site0	302
5121000	REJECTED	site0	302
5121000	RELEASED	site0	303
5121000	REJECTED	site0	303
5121000	RELEASED	site0	304
5121000	REJECTED	site0	304
5122000	RELEASED	site0	305
5122000	REJECTED	site0	305
5122000	RELEASED	site0	306
5122000	REJECTED	site0	306
5122000	RELEASED	site0	307
5122000	REJECTED	site0	307
5122000	RELEASED	site0	308
5122000	REJECTED	site0	308
5122000	RELEASED	site0	309
5122000	REJECTED	site0	309
5122000	RELEASED	site0	310
5122000	REJECTED	site0	310
5122000	RELEASED	site0	311
5122000	REJECTED	site0	311
5123000	RELEASED	site0	312
5123000	REJECTED	site0	312
5123000	RELEASED	site0	313
5123000	REJECTED	site0	313
5123000	RELEASED	site0	314
5123000	REJECTED	site0	314
5123000	RELEASED	site0	315
5123000	REJECTED	site0	315
5123000	RELEASED	site0	316
5123000	REJECTED	site0	316
5123000	RELEASED	site0	317
5123000	REJECTED	site0	317
5123000	RELEASED	site0	318
5123000	REJECTED	site0	318
5123000	RELEASED	site0	319
5123000	REJECTED	site0	319
5123000	RELEASED	site0	320
5123000	REJECTED	site0	320
5124000	RELEASED	site0	321
5124000	REJECTED	site0	321
5124000	RELEASED	site0	322
5124000	REJECTED	site0	322
5124000	RELEASED	site0	323
5124000	REJECTED	site0	323
5124000	RELEASED	site0	324
5124000	REJECTED	site0	324
5124000	RELEASED	site0	325
5124000	REJECTED	site0	325
5125000	RELEASED	site0	326
5125000	REJECTED	site0	326
5125000	RELEASED	site0	327
5125000	REJECTED	site0	327
5125000	RELEASED	site0	328
5125000	REJECTED	site0	328
5125000	RELEASED	site0	329
5125000	REJECTED	site0	329
5125000	RELEASED	site0	330
5125000	REJECTED	site0	330
5125000	RELEASED	site0	331
5125000	REJECTED	site0	331
5126000	RELEASED	site0	332
5126000	REJECTED	site0	332
5126000	RELEASED	site0	333
5126000	REJECTED	site0	333
5126000	RELEASED	site0	334
5126000	REJECTED	site0	334
5126000	RELEASED	site0	335
5126000	REJECTED	site0	335
5126000	RELEASED	site0	336
5126000	REJECTED	site0	336
5127000	RELEASED	site0	337
5127000	REJECTED	site0	337
5127000	RELEASED	site0	338
5127000	REJECTED	site0	338
5127000	RELEASED	site0	339
5127000	REJECTED	site0	339
5127000	RELEASED	site0	340
5127000	REJECTED	site0	340
5127000	RELEASED	site0	341
5127000	REJECTED	site0	341
5127000	RELEASED	site0	342
5127000	REJECTED	site0	342
5128000	RELEASED	site0	343
5128000	REJECTED	site0	343
5128000	RELEASED	site0	344
5128000	REJECTED	site0	344
5128000	RELEASED	site0	345
5128000	REJECTED	site0	345
5128000	RELEASED	site0	346
5128000	REJECTED	site0	346
5128000	RELEASED	site0	347
5128000	REJECTED	site0	347
5129000	RELEASED	site0	348
5129000	REJECTED	site0	348
5129000	RELEASED	site0	349
5129000	REJECTED	site0	349
5129000	RELEASED	site0	350
5129000	REJECTED	site0	350
5129000	RELEASED	site0	351
5129000	REJECTED	site0	351
5129000	RELEASED	site0	352
5129000	REJECTED	site0	352
5129000	RELEASED	site0	353
5129000	REJECTED	site0	353
5130000	RELEASED	site0	354
5130000	REJECTED	site0	354
5130000	RELEASED	site0	355
5130000	REJECTED	site0	355
5130000	RELEASED	site0	356
5130000	REJECTED	site0	356
5130000	RELEASED	site0	357
5130000	REJECTED	site0	357
5130000	RELEASED	site0	358
5130000	REJECTED	site0	358
5130000	RELEASED	site0	359
5130000	REJECTED	site0	359
5131000	RELEASED	site0	360
5131000	REJECTED	site0	360
5131000	RELEASED	site0	361
5131000	REJECTED	site0	361
5131000	RELEASED	site0	362
5131000	REJECTED	site0	362
5131000	RELEASED	site0	363
5131000	REJECTED	site0	363
5131000	RELEASED	site0	364
5131000	REJECTED	site0	364
5132000	RELEASED	site0	365
5132000	REJECTED	site0	365
5132000	RELEASED	site0	366
5132000	REJECTED	site0	366
5132000	RELEASED	site0	367
5132000	REJECTED	site0	367
5132000	RELEASED	site0	368
5132000	REJECTED	site0	368
5132000	RELEASED	site0	369
5132000	REJECTED	site0	369
5132000	RELEASED	site0	370
5132000	REJECTED	site0	370
5132000	RELEASED	site0	371
5132000	REJECTED	site0	371
5132000	RELEASED	site0	372
5132000	REJECTED	site0	372
5133000	RELEASED	site0	373
5133000	REJECTED	site0	373
5133000	RELEASED	site0	374
5133000	REJECTED	site0	374
5133000	RELEASED	site0	375
5133000	REJECTED	site0	375
5133000	RELEASED	site0	376
5133000	REJECTED	site0	376
5133000	RELEASED	site0	377
5133000	REJECTED	site0	377
5133000	RELEASED	site0	378
5133000	REJECTED	site0	378
5239000	RELEASED	site0	379
5239000	REJECTED	site0	379
5262000	RELEASED	site0	380
5262000	REJECTED	site0	380
5294000	RELEASED	site0	381
5294000	REJECTED	site0	381
5316000	RELEASED	site0	382
5316000	REJECTED	site0	382
5325000	RELEASED	site0	383
5325000	REJECTED	site0	383
5649000	COMPLETED	site1	252
5649000	STARTED	site1	253
5650000	COMPLETED	site1	253
5674000	RELEASED	site0	384
5674000	ACCEPTED	site1	384
5674000	STARTED	site1	384
5675000	RELEASED	site0	385
5675000	ACCEPTED	site1	385
5675000	STARTED	site1	384
5725000	RELEASED	site0	386
5725000	ACCEPTED	site1	386
5725000	STARTED	site1	384
5761000	RELEASED	site0	387
5761000	REJECTED	site0	387
6009000	COMPLETED	site1	384
6009000	STARTED	site1	386
6010000	COMPLETED	site1	386
6010000	STARTED	site1	385
6205000	COMPLETED	site1	385
6589000	RELEASED	site0	388
6589000	ACCEPTED	site1	388
6589000	STARTED	site1	388
6590000	RELEASED	site0	389
6590000	ACCEPTED	site1	389
6590000	STARTED	site1	388
6591000	RELEASED	site0	390
6591000	ACCEPTED	site1	390
6591000	STARTED	site1	388
6592000	RELEASED	site0	391
6592000	REJECTED	site0	391
6654000	RELEASED	site0	392
6654000	ACCEPTED	site1	392
6654000	STARTED	site1	388
6664000	COMPLETED	site1	388
6664000	STARTED	site1	389
6692000	RELEASED	site0	393
6692000	REJECTED	site0	393
6699000	RELEASED	site0	394
6699000	ACCEPTED	site1	394
6699000	STARTED	site1	389
6741000	RELEASED	site0	395
6741000	REJECTED	site0	395
6752000	RELEASED	site0	396
6752000	ACCEPTED	site1	396
6752000	STARTED	site1	389
6790000	COMPLETED	site1	389
6790000	STARTED	site1	394
6804000	COMPLETED	site1	394
6804000	STARTED	site1	390
6846000	RELEASED	site0	397
6846000	ACCEPTED	site1	397
6846000	STARTED	site1	390
6895000	RELEASED	site0	398
6895000	REJECTED	site0	398
6899000	COMPLETED	site1	390
6899000	STARTED	site1	392
6915000	COMPLETED	site1	392
6915000	STARTED	site1	397
6958000	COMPLETED	site1	397
6958000	STARTED	site1	396
6989000	RELEASED	site0	399
6989000	ACCEPTED	site1	399
6989000	STARTED	site1	399
7036000	COMPLETED	site1	399
7036000	STARTED	site1	396
7053000	RELEASED	site0	400
7053000	REJECTED	site0	400
7073000	RELEASED	site0	401
7073000	REJECTED	site0	401
7088000	COMPLETED	site1	396
7153000	RELEASED	site0	402
7153000	ACCEPTED	site1	402
7153000	STARTED	site1	402
7226000	COMPLETED	site1	402
7248000	RELEASED	site0	403
7248000	ACCEPTED	site1	403
7248000	STARTED	site1	403
7329000	COMPLETED	site1	403
7346000	RELEASED	site0	404
7346000	ACCEPTED	site1	404
7346000	STARTED	site1	404
7379000	RELEASED	site0	405
7379000	ACCEPTED	site1	405
7379000	STARTED	site1	404
7433000	COMPLETED	site1	404
7433000	STARTED	site1	405
7466000	RELEASED	site0	406
7466000	REJECTED	site0	406
7479000	RELEASED	site0	407
7479000	ACCEPTED	site1	407
7479000	STARTED	site1	405
7492000	COMPLETED	site1	405
7492000	STARTED	site1	407
7521000	COMPLETED	site1	407
7611000	RELEASED	site0	408
7611000	ACCEPTED	site1	408
7611000	STARTED	site1	408
7714000	COMPLETED	site1	408
7743000	RELEASED	site0	409
7743000	ACCEPTED	site1	409
7743000	STARTED	site1	409
7855000	COMPLETED	site1	409
7875000	RELEASED	site0	410
7875000	ACCEPTED	site1	410
7875000	STARTED	site1	410
7943000	COMPLETED	site1	410
7994000	RELEASED	site0	411
7994000	ACCEPTED	site1	411
7994000	STARTED	site1	411
8025000	RELEASED	site0	412
8025000	ACCEPTED	site1	412
8025000	STARTED	site1	411
8050000	COMPLETED	site1	411
8050000	STARTED	site1	412
8054000	COMPLETED	site1	412
8166000	RELEASED	site0	413
8166000	ACCEPTED	site1	413
8166000	STARTED	site1	413
8191000	RELEASED	site0	414
8191000	ACCEPTED	site1	414
8191000	STARTED	site1	413
8209000	COMPLETED	site1	413
8209000	STARTED	site1	414
8216000	COMPLETED	site1	414
8235000	RELEASED	site0	415
8235000	ACCEPTED	site1	415
8235000	STARTED	site1	415
8242000	COMPLETED	site1	415
8258000	RELEASED	site0	416
8258000	ACCEPTED	site1	416
8258000	STARTED	site1	416
8266000	COMPLETED	site1	416
8288000	RELEASED	site0	417
8288000	ACCEPTED	site1	417
8288000	STARTED	site1	417
8293000	COMPLETED	site1	417
8373000	RELEASED	site0	418
8373000	ACCEPTED	site1	418
8373000	STARTED	site1	418
8378000	COMPLETED	site1	418
8405000	RELEASED	site0	419
8405000	ACCEPTED	site1	419
8405000	STARTED	site1	419
8415000	RELEASED	site0	420
8415000	ACCEPTED	site1	420
8415000	STARTED	site1	419
8476000	RELEASED	site0	421
8476000	REJECTED	site0	421
8693000	RELEASED	site0	422
8693000	REJECTED	site0	422
8770000	COMPLETED	site1	419
8770000	STARTED	site1	420
8775000	COMPLETED	site1	420
8882000	RELEASED	site0	423
8882000	ACCEPTED	site1	423
8882000	STARTED	site1	423
8886000	COMPLETED	site1	423
8901000	RELEASED	site0	424
8901000	ACCEPTED	site1	424
8901000	STARTED	site1	424
8964000	COMPLETED	site1	424
9007000	RELEASED	site0	425
9007000	ACCEPTED	site1	425
9007000	STARTED	site1	425
9020000	COMPLETED	site1	425
9056000	RELEASED	site0	426
9056000	ACCEPTED	site1	426
9056000	STARTED	site1	426
9105000	COMPLETED	site1	426
9139000	RELEASED	site0	427
9139000	ACCEPTED	site1	427
9139000	STARTED	site1	427
9167000	RELEASED	site0	428
9167000	ACCEPTED	site1	428
9167000	STARTED	site1	427
9169000	RELEASED	site0	429
9169000	ACCEPTED	site1	429
9169000	STARTED	site1	427
9195000	RELEASED	site0	430
9195000	REJECTED	site0	430
9222000	RELEASED	site0	431
9222000	REJECTED	site0	431
9237000	RELEASED	site0	432
9237000	ACCEPTED	site1	432
9237000	STARTED	site1	427
9252000	RELEASED	site0	433
9252000	REJECTED	site0	433
9276000	RELEASED	site0	434
9276000	ACCEPTED	site1	434
9276000	STARTED	site1	427
9286000	RELEASED	site0	435
9286000	REJECTED	site0	435
9315000	RELEASED	site0	436
9315000	REJECTED	site0	436
9344000	RELEASED	site0	437
9344000	ACCEPTED	site1	437
9344000	STARTED	site1	427
9358000	RELEASED	site0	438
9358000	ACCEPTED	site1	438
9358000	STARTED	site1	427
9375000	RELEASED	site0	439
9375000	REJECTED	site0	439
9405000	RELEASED	site0	440
9405000	REJECTED	site0	440
9434000	RELEASED	site0	441
9434000	REJECTED	site0	441
9438000	RELEASED	site0	442
9438000	REJECTED	site0	442
9448000	RELEASED	site0	443
9448000	ACCEPTED	site1	443
9448000	STARTED	site1	427
9462000	COMPLETED	site1	427
9462000	STARTED	site1	434
9465000	RELEASED	site0	444
9465000	REJECTED	site0	444
9493000	RELEASED	site0	445
9493000	REJECTED	site0	445
9503000	RELEASED	site0	446
9503000	ACCEPTED	site1	446
9503000	STARTED	site1	434
9524000	RELEASED	site0	447
9524000	REJECTED	site0	447
9549000	RELEASED	site0	448
9549000	REJECTED	site0	448
9578000	RELEASED	site0	449
9578000	REJECTED	site0	449
9589000	RELEASED	site0	450
9589000	ACCEPTED	site1	450
9589000	STARTED	site1	434
9593000	RELEASED	site0	451
9593000	REJECTED	site0	451
9607000	RELEASED	site0	452
9607000	ACCEPTED	site1	452
9607000	STARTED	site1	434
9608000	COMPLETED	site1	434
9608000	STARTED	site1	438
9636000	RELEASED	site0	453
9636000	REJECTED	site0	453
9643000	RELEASED	site0	454
9643000	ACCEPTED	site1	454
9643000	STARTED	site1	438
9667000	RELEASED	site0	455
9667000	REJECTED	site0	455
9680000	COMPLETED	site1	438
9680000	STARTED	site1	446
9691000	RELEASED	site0	456
9691000	REJECTED	site0	456
9694000	RELEASED	site0	457
9694000	REJECTED	site0	457
9722000	RELEASED	site0	458
9722000	REJECTED	site0	458
9723000	COMPLETED	site1	446
9723000	STARTED	site1	428
9749000	RELEASED	site0	459
9749000	REJECTED	site0	459
9777000	RELEASED	site0	460
9777000	ACCEPTED	site1	460
9777000	STARTED	site1	428
9806000	RELEASED	site0	461
9806000	REJECTED	site0	461
9835000	RELEASED	site0	462
9835000	REJECTED	site0	462
9861000	RELEASED	site0	463
9861000	REJECTED	site0	463
9866000	RELEASED	site0	464
9866000	ACCEPTED	site1	464
9866000	STARTED	site1	428
9876000	RELEASED	site0	465
9876000	REJECTED	site0	465
9896000	RELEASED	site0	466
9896000	ACCEPTED	site1	466
9896000	STARTED	site1	428
9929000	RELEASED	site0	467
9929000	REJECTED	site0	467
9940000	RELEASED	site0	468
9940000	ACCEPTED	site1	468
9940000	STARTED	site1	428
9947000	RELEASED	site0	469
9947000	REJECTED	site0	469
9954000	RELEASED	site0	470
9954000	REJECTED	site0	470
9957000	RELEASED	site0	471
9957000	REJECTED	site0	471
9962000	RELEASED	site0	472
9962000	REJECTED	site0	472
9970000	RELEASED	site0	473
9970000	REJECTED	site0	473
9976000	RELEASED	site0	474
9976000	REJECTED	site0	474
9984000	RELEASED	site0	475
9984000	REJECTED	site0	475
9994000	RELEASED	site0	476
9994000	REJECTED	site0	476
10050000	COMPLETED	site1	428
10050000	STARTED	site1	429
10051000	RELEASED	site0	477
10051000	REJECTED	site0	477
10077000	COMPLETED	site1	429
10077000	STARTED	site1	432
10109000	COMPLETED	site1	432
10109000	STARTED	site1	437
10147000	RELEASED	site0	478
10147000	ACCEPTED	site1	478
10147000	STARTED	site1	437
10282000	COMPLETED	site1	437
10282000	STARTED	site1	468
10303000	COMPLETED	site1	468
10303000	STARTED	site1	464
10344000	RELEASED	site0	479
10344000	REJECTED	site0	479
10346000	COMPLETED	site1	464
10346000	STARTED	site1	450
10371000	RELEASED	site0	480
10371000	REJECTED	site0	480
10381000	COMPLETED	site1	450
10381000	STARTED	site1	466
10397000	RELEASED	site0	481
10397000	REJECTED	site0	481
10425000	RELEASED	site0	482
10425000	ACCEPTED	site1	482
10425000	STARTED	site1	466
10436000	RELEASED	site0	483
10436000	ACCEPTED	site1	483
10436000	STARTED	site1	466
10452000	RELEASED	site0	484
10452000	REJECTED	site0	484
10478000	RELEASED	site0	485
10478000	REJECTED	site0	485
10504000	RELEASED	site0	486
10504000	REJECTED	site0	486
10519000	RELEASED	site0	487
10519000	ACCEPTED	site1	487
10519000	STARTED	site1	466
10529000	COMPLETED	site1	466
10529000	STARTED	site1	454
10531000	RELEASED	site0	488
10531000	REJECTED	site0	488
10555000	COMPLETED	site1	454
10555000	STARTED	site1	460
10557000	RELEASED	site0	489
10557000	REJECTED	site0	489
10582000	RELEASED	site0	490
10582000	ACCEPTED	site1	490
10582000	STARTED	site1	460
10609000	RELEASED	site0	491
10609000	ACCEPTED	site1	491
10609000	STARTED	site1	460
10636000	RELEASED	site0	492
10636000	REJECTED	site0	492
10651000	RELEASED	site0	493
10651000	ACCEPTED	site1	493
10651000	STARTED	site1	460
10661000	RELEASED	site0	494
10661000	REJECTED	site0	494
10687000	RELEASED	site0	495
10687000	REJECTED	site0	495
10713000	RELEASED	site0	496
10713000	ACCEPTED	site1	496
10713000	STARTED	site1	460
10727000	COMPLETED	site1	460
10727000	STARTED	site1	483
10741000	RELEASED	site0	497
10741000	REJECTED	site0	497
10767000	RELEASED	site0	498
10767000	REJECTED	site0	498
10788000	COMPLETED	site1	483
10788000	STARTED	site1	478
10792000	RELEASED	site0	499
10792000	REJECTED	site0	499
10803000	RELEASED	site0	500
10803000	ACCEPTED	site1	500
10803000	STARTED	site1	478
10805000	RELEASED	site0	501
10805000	ACCEPTED	site1	501
10805000	STARTED	site1	501
10820000	RELEASED	site0	502
10820000	REJECTED	site0	502
10822000	COMPLETED	site1	501
10822000	STARTED	site1	478
10841000	RELEASED	site0	503
10841000	ACCEPTED	site1	503
10841000	STARTED	site1	478
10842000	RELEASED	site0	504
10842000	REJECTED	site0	504
10846000	RELEASED	site0	505
10846000	REJECTED	site0	505
10860000	RELEASED	site0	506
10860000	REJECTED	site0	506
10874000	RELEASED	site0	507
10874000	ACCEPTED	site1	507
10874000	STARTED	site1	478
10878000	RELEASED	site0	508
10878000	REJECTED	site0	508
10880000	RELEASED	site0	509
10880000	ACCEPTED	site1	509
10880000	STARTED	site1	478
10885000	COMPLETED	site1	478
10885000	STARTED	site1	509
10901000	COMPLETED	site1	509
10901000	STARTED	site1	491
10902000	RELEASED	site0	510
10902000	REJECTED	site0	510
10915000	RELEASED	site0	511
10915000	REJECTED	site0	511
10916000	RELEASED	site0	512
10916000	REJECTED	site0	512
10930000	RELEASED	site0	513
10930000	REJECTED	site0	513
10952000	RELEASED	site0	514
10952000	REJECTED	site0	514
10953000	RELEASED	site0	515
10953000	REJECTED	site0	515
10957000	RELEASED	site0	516
10957000	REJECTED	site0	516
10986000	RELEASED	site0	517
10986000	REJECTED	site0	517
10987000	RELEASED	site0	518
10987000	ACCEPTED	site1	518
10987000	STARTED	site1	491
10988000	COMPLETED	site1	491
10988000	STARTED	site1	487
10988000	RELEASED	site0	519
10988000	REJECTED	site0	519
10990000	RELEASED	site0	520
10990000	REJECTED	site0	520
10992000	COMPLETED	site1	487
10992000	STARTED	site1	500
11012000	COMPLETED	site1	500
11012000	STARTED	site1	482
11013000	RELEASED	site0	521
11013000	REJECTED	site0	521
11041000	RELEASED	site0	522
11041000	REJECTED	site0	522
11070000	RELEASED	site0	523
11070000	REJECTED	site0	523
11101000	RELEASED	site0	524
11101000	REJECTED	site0	524
11143000	RELEASED	site0	525
11143000	REJECTED	site0	525
11172000	COMPLETED	site1	482
11172000	STARTED	site1	490
11183000	RELEASED	site0	526
11183000	REJECTED	site0	526
11266000	RELEASED	site0	527
11266000	REJECTED	site0	527
11272000	RELEASED	site0	528
11272000	REJECTED	site0	528
11278000	RELEASED	site0	529
11278000	REJECTED	site0	529
11283000	RELEASED	site0	530
11283000	REJECTED	site0	530
11289000	RELEASED	site0	531
11289000	REJECTED	site0	531
11296000	RELEASED	site0	532
11296000	REJECTED	site0	532
11320000	COMPLETED	site1	490
11320000	STARTED	site1	503
11321000	RELEASED	site0	533
11321000	REJECTED	site0	533
11332000	RELEASED	site0	534
11332000	REJECTED	site0	534
11338000	COMPLETED	site1	503
11338000	STARTED	site1	496
11348000	RELEASED	site0	535
11348000	REJECTED	site0	535
11373000	RELEASED	site0	536
11373000	REJECTED	site0	536
11400000	RELEASED	site0	537
11400000	REJECTED	site0	537
11429000	RELEASED	site0	538
11429000	REJECTED	site0	538
11454000	RELEASED	site0	539
11454000	REJECTED	site0	539
11480000	RELEASED	site0	540
11480000	ACCEPTED	site1	540
11480000	STARTED	site1	496
11487000	RELEASED	site0	541
11487000	REJECTED	site0	541
11509000	RELEASED	site0	542
11509000	ACCEPTED	site1	542
11509000	STARTED	site1	496
11533000	RELEASED	site0	543
11533000	REJECTED	site0	543
11561000	RELEASED	site0	544
11561000	REJECTED	site0	544
11568000	RELEASED	site0	545
11568000	ACCEPTED	site1	545
11568000	STARTED	site1	496
11574000	RELEASED	site0	546
11574000	REJECTED	site0	546
11582000	RELEASED	site0	547
11582000	REJECTED	site0	547
11590000	RELEASED	site0	548
11590000	REJECTED	site0	548
11591000	RELEASED	site0	549
11591000	ACCEPTED	site1	549
11591000	STARTED	site1	496
11616000	RELEASED	site0	550
11616000	REJECTED	site0	550
11644000	RELEASED	site0	551
11644000	ACCEPTED	site1	551
11644000	STARTED	site1	496
11663000	COMPLETED	site1	496
11663000	STARTED	site1	493
11668000	RELEASED	site0	552
11668000	REJECTED	site0	552
11671000	RELEASED	site0	553
11671000	ACCEPTED	site1	553
11671000	STARTED	site1	493
11697000	RELEASED	site0	554
11697000	ACCEPTED	site1	554
11697000	STARTED	site1	493
11722000	RELEASED	site0	555
11722000	ACCEPTED	site1	555
11722000	STARTED	site1	493
11728000	COMPLETED	site1	493
11728000	STARTED	site1	540
11749000	RELEASED	site0	556
11749000	REJECTED	site0	556
11776000	RELEASED	site0	557
11776000	ACCEPTED	site1	557
11776000	STARTED	site1	540
11803000	RELEASED	site0	558
11803000	REJECTED	site0	558
11831000	RELEASED	site0	559
11831000	REJECTED	site0	559
11832000	RELEASED	site0	560
11832000	REJECTED	site0	560
11858000	RELEASED	site0	561
11858000	ACCEPTED	site1	561
11858000	STARTED	site1	540
11876000	COMPLETED	site1	540
11876000	STARTED	site1	542
11883000	COMPLETED	site1	542
11883000	STARTED	site1	557
11887000	RELEASED	site0	562
11887000	ACCEPTED	site1	562
11887000	STARTED	site1	562
11906000	COMPLETED	site1	562
11906000	STARTED	site1	557
11912000	RELEASED	site0	563
11912000	REJECTED	site0	563
11944000	RELEASED	site0	564
11944000	REJECTED	site0	564
11950000	COMPLETED	site1	557
11950000	STARTED	site1	549
11971000	COMPLETED	site1	549
11971000	STARTED	site1	518
11980000	COMPLETED	site1	518
11980000	STARTED	site1	551
11981000	RELEASED	site0	565
11981000	REJECTED	site0	565
12010000	RELEASED	site0	566
12010000	REJECTED	site0	566
12041000	RELEASED	site0	567
12041000	REJECTED	site0	567
12062000	COMPLETED	site1	551
12062000	STARTED	site1	555
12078000	RELEASED	site0	568
12078000	REJECTED	site0	568
12133000	RELEASED	site0	569
12133000	ACCEPTED	site1	569
12133000	STARTED	site1	569
12140000	COMPLETED	site1	569
12140000	STARTED	site1	555
12163000	RELEASED	site0	570
12163000	REJECTED	site0	570
12178000	COMPLETED	site1	555
12178000	STARTED	site1	545
12186000	RELEASED	site0	571
12186000	ACCEPTED	site1	571
12186000	STARTED	site1	545
12199000	COMPLETED	site1	545
12199000	STARTED	site1	554
12213000	RELEASED	site0	572
12213000	REJECTED	site0	572
12223000	RELEASED	site0	573
12223000	ACCEPTED	site1	573
12223000	STARTED	site1	554
12240000	RELEASED	site0	574
12240000	REJECTED	site0	574
12261000	RELEASED	site0	575
12261000	ACCEPTED	site1	575
12261000	STARTED	site1	554
12265000	RELEASED	site0	576
12265000	REJECTED	site0	576
12293000	RELEASED	site0	577
12293000	REJECTED	site0	577
12321000	RELEASED	site0	578
12321000	REJECTED	site0	578
12349000	RELEASED	site0	579
12349000	REJECTED	site0	579
12351000	RELEASED	site0	580
12351000	REJECTED	site0	580
12361000	RELEASED	site0	581
12361000	ACCEPTED	site1	581
12361000	STARTED	site1	554
12363000	COMPLETED	site1	554
12363000	STARTED	site1	575
12368000	COMPLETED	site1	575
12368000	STARTED	site1	571
12386000	RELEASED	site0	582
12386000	REJECTED	site0	582
12415000	RELEASED	site0	583
12415000	REJECTED	site0	583
12438000	RELEASED	site0	584
12438000	REJECTED	site0	584
12464000	RELEASED	site0	585
12464000	REJECTED	site0	585
12480000	COMPLETED	site1	571
12480000	STARTED	site1	573
12481000	COMPLETED	site1	573
12481000	STARTED	site1	507
12489000	RELEASED	site0	586
12489000	REJECTED	site0	586
12516000	RELEASED	site0	587
12516000	REJECTED	site0	587
12541000	RELEASED	site0	588
12541000	REJECTED	site0	588
12567000	RELEASED	site0	589
12567000	REJECTED	site0	589
12592000	RELEASED	site0	590
12592000	REJECTED	site0	590
12619000	RELEASED	site0	591
12619000	REJECTED	site0	591
12645000	COMPLETED	site1	507
12645000	STARTED	site1	553
12645000	RELEASED	site0	592
12645000	REJECTED	site0	592
12670000	RELEASED	site0	593
12670000	REJECTED	site0	593
12695000	RELEASED	site0	594
12695000	REJECTED	site0	594
12722000	RELEASED	site0	595
12722000	REJECTED	site0	595
12738000	RELEASED	site0	596
12738000	REJECTED	site0	596
12743000	RELEASED	site0	597
12743000	ACCEPTED	site1	597
12743000	STARTED	site1	553
12748000	RELEASED	site0	598
12748000	ACCEPTED	site1	598
12748000	STARTED	site1	553
12749000	RELEASED	site0	599
12749000	ACCEPTED	site1	599
12749000	STARTED	site1	553
12754000	RELEASED	site0	600
12754000	REJECTED	site0	600
12758000	RELEASED	site0	601
12758000	ACCEPTED	site1	601
12758000	STARTED	site1	553
12764000	RELEASED	site0	602
12764000	REJECTED	site0	602
12768000	RELEASED	site0	603
12768000	REJECTED	site0	603
12772000	RELEASED	site0	604
12772000	REJECTED	site0	604
12779000	RELEASED	site0	605
12779000	ACCEPTED	site1	605
12779000	STARTED	site1	553
12781000	RELEASED	site0	606
12781000	REJECTED	site0	606
12789000	RELEASED	site0	607
12789000	REJECTED	site0	607
12795000	RELEASED	site0	608
12795000	REJECTED	site0	608
12801000	RELEASED	site0	609
12801000	REJECTED	site0	609
12804000	RELEASED	site0	610
12804000	ACCEPTED	site1	610
12804000	STARTED	site1	553
12805000	RELEASED	site0	611
12805000	REJECTED	site0	611
12811000	RELEASED	site0	612
12811000	REJECTED	site0	612
12815000	RELEASED	site0	613
12815000	REJECTED	site0	613
12820000	RELEASED	site0	614
12820000	REJECTED	site0	614
12836000	RELEASED	site0	615
12836000	ACCEPTED	site1	615
12836000	STARTED	site1	553
12881000	RELEASED	site0	616
12881000	REJECTED	site0	616
12884000	RELEASED	site0	617
12884000	REJECTED	site0	617
12900000	RELEASED	site0	618
12900000	ACCEPTED	site1	618
12900000	STARTED	site1	553
12910000	RELEASED	site0	619
12910000	REJECTED	site0	619
12918000	COMPLETED	site1	553
12918000	STARTED	site1	581
12929000	RELEASED	site0	620
12929000	REJECTED	site0	620
12938000	RELEASED	site0	621
12938000	REJECTED	site0	621
12938000	RELEASED	site0	622
12938000	REJECTED	site0	622
12945000	RELEASED	site0	623
12945000	REJECTED	site0	623
12949000	COMPLETED	site1	581
12949000	STARTED	site1	610
12950000	RELEASED	site0	624
12950000	REJECTED	site0	624
12979000	RELEASED	site0	625
12979000	REJECTED	site0	625
12984000	COMPLETED	site1	610
12984000	STARTED	site1	599
13010000	RELEASED	site0	626
13010000	REJECTED	site0	626
13020000	COMPLETED	site1	599
13020000	STARTED	site1	597
13034000	RELEASED	site0	627
13034000	REJECTED	site0	627
13071000	RELEASED	site0	628
13071000	REJECTED	site0	628
13077000	RELEASED	site0	629
13077000	REJECTED	site0	629
13086000	RELEASED	site0	630
13086000	REJECTED	site0	630
13097000	RELEASED	site0	631
13097000	REJECTED	site0	631
13103000	RELEASED	site0	632
13103000	REJECTED	site0	632
13105000	RELEASED	site0	633
13105000	REJECTED	site0	633
13109000	RELEASED	site0	634
13109000	REJECTED	site0	634
13114000	RELEASED	site0	635
13114000	REJECTED	site0	635
13119000	RELEASED	site0	636
13119000	REJECTED	site0	636
13123000	RELEASED	site0	637
13123000	REJECTED	site0	637
13131000	RELEASED	site0	638
13131000	REJECTED	site0	638
13132000	RELEASED	site0	639
13132000	REJECTED	site0	639
13140000	RELEASED	site0	640
13140000	REJECTED	site0	640
13147000	RELEASED	site0	641
13147000	REJECTED	site0	641
13152000	RELEASED	site0	642
13152000	REJECTED	site0	642
13160000	RELEASED	site0	643
13160000	REJECTED	site0	643
13162000	RELEASED	site0	644
13162000	REJECTED	site0	644
13172000	RELEASED	site0	645
13172000	REJECTED	site0	645
13180000	RELEASED	site0	646
13180000	REJECTED	site0	646
13184000	RELEASED	site0	647
13184000	REJECTED	site0	647
13185000	RELEASED	site0	648
13185000	REJECTED	site0	648
13189000	RELEASED	site0	649
13189000	REJECTED	site0	649
13194000	RELEASED	site0	650
13194000	REJECTED	site0	650
13201000	RELEASED	site0	651
13201000	REJECTED	site0	651
13206000	RELEASED	site0	652
13206000	REJECTED	site0	652
13211000	RELEASED	site0	653
13211000	ACCEPTED	site1	653
13211000	STARTED	site1	653
13213000	RELEASED	site0	654
13213000	REJECTED	site0	654
13216000	COMPLETED	site1	653
13216000	STARTED	site1	597
13219000	RELEASED	site0	655
13219000	REJECTED	site0	655
13223000	RELEASED	site0	656
13223000	REJECTED	site0	656
13229000	RELEASED	site0	657
13229000	REJECTED	site0	657
13236000	RELEASED	site0	658
13236000	REJECTED	site0	658
13238000	RELEASED	site0	659
13238000	REJECTED	site0	659
13245000	RELEASED	site0	660
13245000	REJECTED	site0	660
13253000	RELEASED	site0	661
13253000	REJECTED	site0	661
13260000	RELEASED	site0	662
13260000	REJECTED	site0	662
13265000	RELEASED	site0	663
13265000	REJECTED	site0	663
13266000	RELEASED	site0	664
13266000	REJECTED	site0	664
13282000	RELEASED	site0	665
13282000	REJECTED	site0	665
13290000	RELEASED	site0	666
13290000	REJECTED	site0	666
13294000	RELEASED	site0	667
13294000	REJECTED	site0	667
13294000	RELEASED	site0	668
13294000	REJECTED	site0	668
13302000	RELEASED	site0	669
13302000	REJECTED	site0	669
13305000	RELEASED	site0	670
13305000	REJECTED	site0	670
13307000	RELEASED	site0	671
13307000	REJECTED	site0	671
13313000	RELEASED	site0	672
13313000	REJECTED	site0	672
13320000	RELEASED	site0	673
13320000	REJECTED	site0	673
13323000	RELEASED	site0	674
13323000	REJECTED	site0	674
13326000	RELEASED	site0	675
13326000	REJECTED	site0	675
13332000	RELEASED	site0	676
13332000	REJECTED	site0	676
13336000	RELEASED	site0	677
13336000	REJECTED	site0	677
13342000	COMPLETED	site1	597
13342000	STARTED	site1	598
13342000	RELEASED	site0	678
13342000	REJECTED	site0	678
13352000	RELEASED	site0	679
13352000	REJECTED	site0	679
13353000	RELEASED	site0	680
13353000	REJECTED	site0	680
13369000	RELEASED	site0	681
13369000	REJECTED	site0	681
13371000	RELEASED	site0	682
13371000	REJECTED	site0	682
13386000	RELEASED	site0	683
13386000	REJECTED	site0	683
13390000	RELEASED	site0	684
13390000	REJECTED	site0	684
13394000	RELEASED	site0	685
13394000	REJECTED	site0	685
13396000	RELEASED	site0	686
13396000	REJECTED	site0	686
13401000	RELEASED	site0	687
13401000	REJECTED	site0	687
13407000	RELEASED	site0	688
13407000	REJECTED	site0	688
13412000	RELEASED	site0	689
13412000	REJECTED	site0	689
13416000	RELEASED	site0	690
13416000	REJECTED	site0	690
13417000	RELEASED	site0	691
13417000	REJECTED	site0	691
13421000	RELEASED	site0	692
13421000	REJECTED	site0	692
13421000	RELEASED	site0	693
13421000	REJECTED	site0	693
13426000	RELEASED	site0	694
13426000	REJECTED	site0	694
13430000	RELEASED	site0	695
13430000	REJECTED	site0	695
13435000	RELEASED	site0	696
13435000	REJECTED	site0	696
13442000	RELEASED	site0	697
13442000	REJECTED	site0	697
13444000	RELEASED	site0	698
13444000	REJECTED	site0	698
13448000	RELEASED	site0	699
13448000	REJECTED	site0	699
13452000	RELEASED	site0	700
13452000	REJECTED	site0	700
13458000	RELEASED	site0	701
13458000	REJECTED	site0	701
13464000	RELEASED	site0	702
13464000	REJECTED	site0	702
13471000	RELEASED	site0	703
13471000	REJECTED	site0	703
13483000	RELEASED	site0	704
13483000	REJECTED	site0	704
13494000	RELEASED	site0	705
13494000	REJECTED	site0	705
13504000	RELEASED	site0	706
13504000	REJECTED	site0	706
13506000	RELEASED	site0	707
13506000	REJECTED	site0	707
13513000	RELEASED	site0	708
13513000	REJECTED	site0	708
13523000	RELEASED	site0	709
13523000	REJECTED	site0	709
13528000	RELEASED	site0	710
13528000	REJECTED	site0	710
13529000	RELEASED	site0	711
13529000	REJECTED	site0	711
13536000	RELEASED	site0	712
13536000	REJECTED	site0	712
13537000	RELEASED	site0	713
13537000	REJECTED	site0	713
13539000	RELEASED	site0	714
13539000	REJECTED	site0	714
13541000	RELEASED	site0	715
13541000	REJECTED	site0	715
13550000	RELEASED	site0	716
13550000	REJECTED	site0	716
13551000	RELEASED	site0	717
13551000	REJECTED	site0	717
13554000	RELEASED	site0	718
13554000	REJECTED	site0	718
13563000	RELEASED	site0	719
13563000	REJECTED	site0	719
13563000	RELEASED	site0	720
13563000	REJECTED	site0	720
13573000	RELEASED	site0	721
13573000	REJECTED	site0	721
13579000	COMPLETED	site1	598
13579000	STARTED	site1	615
13580000	RELEASED	site0	722
13580000	REJECTED	site0	722
13587000	RELEASED	site0	723
13587000	REJECTED	site0	723
13595000	RELEASED	site0	724
13595000	REJECTED	site0	724
13598000	RELEASED	site0	725
13598000	REJECTED	site0	725
13603000	RELEASED	site0	726
13603000	REJECTED	site0	726
13603000	RELEASED	site0	727
13603000	REJECTED	site0	727
13608000	RELEASED	site0	728
13608000	REJECTED	site0	728
13614000	RELEASED	site0	729
13614000	REJECTED	site0	729
13620000	RELEASED	site0	730
13620000	REJECTED	site0	730
13625000	COMPLETED	site1	615
13625000	STARTED	site1	601
13625000	RELEASED	site0	731
13625000	REJECTED	site0	731
13631000	RELEASED	site0	732
13631000	REJECTED	site0	732
13632000	RELEASED	site0	733
13632000	REJECTED	site0	733
13636000	RELEASED	site0	734
13636000	REJECTED	site0	734
13638000	RELEASED	site0	735
13638000	ACCEPTED	site1	735
13638000	STARTED	site1	601
13645000	RELEASED	site0	736
13645000	REJECTED	site0	736
13653000	RELEASED	site0	737
13653000	REJECTED	site0	737
13657000	RELEASED	site0	738
13657000	REJECTED	site0	738
13658000	RELEASED	site0	739
13658000	REJECTED	site0	739
13665000	RELEASED	site0	740
13665000	REJECTED	site0	740
13670000	RELEASED	site0	741
13670000	REJECTED	site0	741
13674000	RELEASED	site0	742
13674000	REJECTED	site0	742
13689000	RELEASED	site0	743
13689000	REJECTED	site0	743
13693000	RELEASED	site0	744
13693000	REJECTED	site0	744
13694000	RELEASED	site0	745
13694000	REJECTED	site0	745
13700000	RELEASED	site0	746
13700000	REJECTED	site0	746
13708000	RELEASED	site0	747
13708000	REJECTED	site0	747
13715000	RELEASED	site0	748
13715000	REJECTED	site0	748
13715000	RELEASED	site0	749
13715000	REJECTED	site0	749
13720000	RELEASED	site0	750
13720000	ACCEPTED	site1	750
13720000	STARTED	site1	601
13724000	RELEASED	site0	751
13724000	REJECTED	site0	751
13726000	RELEASED	site0	752
13726000	REJECTED	site0	752
13731000	RELEASED	site0	753
13731000	REJECTED	site0	753
13732000	RELEASED	site0	754
13732000	REJECTED	site0	754
13738000	RELEASED	site0	755
13738000	REJECTED	site0	755
13742000	RELEASED	site0	756
13742000	REJECTED	site0	756
13751000	RELEASED	site0	757
13751000	REJECTED	site0	757
13754000	RELEASED	site0	758
13754000	REJECTED	site0	758
13761000	RELEASED	site0	759
13761000	REJECTED	site0	759
13766000	RELEASED	site0	760
13766000	ACCEPTED	site1	760
13766000	STARTED	site1	601
13771000	RELEASED	site0	761
13771000	REJECTED	site0	761
13777000	RELEASED	site0	762
13777000	ACCEPTED	site1	762
13777000	STARTED	site1	601
13780000	RELEASED	site0	763
13780000	REJECTED	site0	763
13783000	COMPLETED	site1	601
13783000	STARTED	site1	605
13784000	RELEASED	site0	764
13784000	REJECTED	site0	764
13794000	RELEASED	site0	765
13794000	REJECTED	site0	765
13806000	RELEASED	site0	766
13806000	REJECTED	site0	766
13810000	RELEASED	site0	767
13810000	REJECTED	site0	767
13812000	RELEASED	site0	768
13812000	REJECTED	site0	768
13815000	RELEASED	site0	769
13815000	REJECTED	site0	769
13822000	RELEASED	site0	770
13822000	REJECTED	site0	770
13829000	RELEASED	site0	771
13829000	ACCEPTED	site1	771
13829000	STARTED	site1	605
13836000	RELEASED	site0	772
13836000	REJECTED	site0	772
13843000	COMPLETED	site1	605
13843000	STARTED	site1	771
13843000	RELEASED	site0	773
13843000	REJECTED	site0	773
13845000	RELEASED	site0	774
13845000	ACCEPTED	site1	774
13845000	STARTED	site1	771
13848000	RELEASED	site0	775
13848000	REJECTED	site0	775
13849000	COMPLETED	site1	771
13849000	STARTED	site1	760
13849000	RELEASED	site0	776
13849000	REJECTED	site0	776
13872000	COMPLETED	site1	760
13872000	STARTED	site1	750
13905000	COMPLETED	site1	750
13905000	STARTED	site1	762
13920000	COMPLETED	site1	762
13920000	STARTED	site1	735
13930000	COMPLETED	site1	735
13930000	STARTED	site1	774
13941000	COMPLETED	site1	774
13941000	STARTED	site1	618
13942000	COMPLETED	site1	618
13942000	STARTED	site1	452
13965000	RELEASED	site0	777
13965000	ACCEPTED	site1	777
13965000	STARTED	site1	777
13969000	RELEASED	site0	778
13969000	ACCEPTED	site1	778
13969000	STARTED	site1	778
13974000	RELEASED	site0	779
13974000	ACCEPTED	site1	779
13974000	STARTED	site1	779
13981000	RELEASED	site0	780
13981000	REJECTED	site0	780
13982000	RELEASED	site0	781
13982000	ACCEPTED	site1	781
13982000	STARTED	site1	779
13983000	RELEASED	site0	782
13983000	REJECTED	site0	782
13998000	COMPLETED	site1	779
13998000	STARTED	site1	778
14003000	RELEASED	site0	783
14003000	ACCEPTED	site1	783
14003000	STARTED	site1	778
14009000	RELEASED	site0	784
14009000	ACCEPTED	site1	784
14009000	STARTED	site1	778
14014000	COMPLETED	site1	778
14014000	STARTED	site1	784
14021000	RELEASED	site0	785
14021000	ACCEPTED	site1	785
14021000	STARTED	site1	784
14033000	RELEASED	site0	786
14033000	REJECTED	site0	786
14067000	COMPLETED	site1	784
14067000	STARTED	site1	777
14091000	COMPLETED	site1	777
14091000	STARTED	site1	783
14092000	RELEASED	site0	787
14092000	REJECTED	site0	787
14094000	RELEASED	site0	788
14094000	ACCEPTED	site1	788
14094000	STARTED	site1	783
14098000	RELEASED	site0	789
14098000	REJECTED	site0	789
14105000	RELEASED	site0	790
14105000	ACCEPTED	site1	790
14105000	STARTED	site1	783
14110000	RELEASED	site0	791
14110000	REJECTED	site0	791
14113000	COMPLETED	site1	783
14113000	STARTED	site1	785
14115000	RELEASED	site0	792
14115000	REJECTED	site0	792
14118000	RELEASED	site0	793
14118000	REJECTED	site0	793
14120000	RELEASED	site0	794
14120000	ACCEPTED	site1	794
14120000	STARTED	site1	785
14126000	RELEASED	site0	795
14126000	REJECTED	site0	795
14132000	RELEASED	site0	796
14132000	REJECTED	site0	796
14137000	COMPLETED	site1	785
14137000	STARTED	site1	788
14137000	RELEASED	site0	797
14137000	REJECTED	site0	797
14143000	RELEASED	site0	798
14143000	REJECTED	site0	798
14156000	RELEASED	site0	799
14156000	REJECTED	site0	799
14158000	COMPLETED	site1	788
14158000	STARTED	site1	781
14178000	RELEASED	site0	800
14178000	ACCEPTED	site1	800
14178000	STARTED	site1	781
14179000	COMPLETED	site1	781
14179000	STARTED	site1	794
14183000	RELEASED	site0	801
14183000	ACCEPTED	site1	801
14183000	STARTED	site1	794
14188000	COMPLETED	site1	794
14188000	STARTED	site1	801
14204000	RELEASED	site0	802
14204000	REJECTED	site0	802
14211000	COMPLETED	site1	801
14211000	STARTED	site1	800
14222000	COMPLETED	site1	800
14222000	STARTED	site1	790
14230000	RELEASED	site0	803
14230000	ACCEPTED	site1	803
14230000	STARTED	site1	790
14231000	COMPLETED	site1	790
14231000	STARTED	site1	452
14271000	RELEASED	site0	804
14271000	REJECTED	site0	804
14272000	RELEASED	site0	805
14272000	ACCEPTED	site1	805
14272000	STARTED	site1	805
14276000	RELEASED	site0	806
14276000	ACCEPTED	site1	806
14276000	STARTED	site1	805
14280000	RELEASED	site0	807
14280000	REJECTED	site0	807
14285000	COMPLETED	site1	805
14285000	STARTED	site1	806
14285000	RELEASED	site0	808
14285000	ACCEPTED	site1	808
14285000	STARTED	site1	806
14290000	COMPLETED	site1	806
14290000	STARTED	site1	808
14290000	RELEASED	site0	809
14290000	ACCEPTED	site1	809
14290000	STARTED	site1	808
14300000	RELEASED	site0	810
14300000	ACCEPTED	site1	810
14300000	STARTED	site1	810
14300000	RELEASED	site0	811
14300000	REJECTED	site0	811
14302000	COMPLETED	site1	810
14302000	STARTED	site1	808
14305000	RELEASED	site0	812
14305000	ACCEPTED	site1	812
14305000	STARTED	site1	808
14309000	RELEASED	site0	813
14309000	ACCEPTED	site1	813
14309000	STARTED	site1	808
14311000	RELEASED	site0	814
14311000	REJECTED	site0	814
14314000	RELEASED	site0	815
14314000	ACCEPTED	site1	815
14314000	STARTED	site1	808
14319000	RELEASED	site0	816
14319000	REJECTED	site0	816
14322000	COMPLETED	site1	808
14322000	STARTED	site1	813
14325000	RELEASED	site0	817
14325000	REJECTED	site0	817
14325000	RELEASED	site0	818
14325000	REJECTED	site0	818
14331000	RELEASED	site0	819
14331000	ACCEPTED	site1	819
14331000	STARTED	site1	813
14335000	RELEASED	site0	820
14335000	REJECTED	site0	820
14340000	RELEASED	site0	821
14340000	REJECTED	site0	821
14346000	RELEASED	site0	822
14346000	REJECTED	site0	822
14351000	COMPLETED	site1	813
14351000	STARTED	site1	809
14352000	RELEASED	site0	823
14352000	REJECTED	site0	823
14353000	RELEASED	site0	824
14353000	ACCEPTED	site1	824
14353000	STARTED	site1	809
14355000	COMPLETED	site1	809
14355000	STARTED	site1	815
14355000	RELEASED	site0	825
14355000	REJECTED	site0	825
14363000	RELEASED	site0	826
14363000	ACCEPTED	site1	826
14363000	STARTED	site1	815
14371000	RELEASED	site0	827
14371000	REJECTED	site0	827
14376000	RELEASED	site0	828
14376000	ACCEPTED	site1	828
14376000	STARTED	site1	815
14377000	COMPLETED	site1	815
14377000	STARTED	site1	812
14379000	RELEASED	site0	829
14379000	ACCEPTED	site1	829
14379000	STARTED	site1	812
14382000	RELEASED	site0	830
14382000	ACCEPTED	site1	830
14382000	STARTED	site1	812
14389000	RELEASED	site0	831
14389000	ACCEPTED	site1	831
14389000	STARTED	site1	812
14394000	RELEASED	site0	832
14394000	REJECTED	site0	832
14396000	COMPLETED	site1	812
14396000	STARTED	site1	831
14399000	COMPLETED	site1	831
14399000	STARTED	site1	824
14400000	RELEASED	site0	833
14400000	REJECTED	site0	833
14408000	RELEASED	site0	834
14408000	REJECTED	site0	834
14410000	COMPLETED	site1	824
14410000	STARTED	site1	830
14410000	RELEASED	site0	835
14410000	ACCEPTED	site1	835
14410000	STARTED	site1	830
14417000	RELEASED	site0	836
14417000	ACCEPTED	site1	836
14417000	STARTED	site1	830
14419000	COMPLETED	site1	830
14419000	STARTED	site1	829
14423000	RELEASED	site0	837
14423000	REJECTED	site0	837
14426000	RELEASED	site0	838
14426000	ACCEPTED	site1	838
14426000	STARTED	site1	829
14430000	RELEASED	site0	839
14430000	REJECTED	site0	839
14434000	COMPLETED	site1	829
14434000	STARTED	site1	828
14435000	RELEASED	site0	840
14435000	REJECTED	site0	840
14438000	RELEASED	site0	841
14438000	ACCEPTED	site1	841
14438000	STARTED	site1	828
14441000	RELEASED	site0	842
14441000	ACCEPTED	site1	842
14441000	STARTED	site1	828
14447000	RELEASED	site0	843
14447000	REJECTED	site0	843
14447000	RELEASED	site0	844
14447000	REJECTED	site0	844
14453000	RELEASED	site0	845
14453000	REJECTED	site0	845
14454000	RELEASED	site0	846
14454000	ACCEPTED	site1	846
14454000	STARTED	site1	828
14454000	RELEASED	site0	847
14454000	REJECTED	site0	847
14457000	COMPLETED	site1	828
14457000	STARTED	site1	842
14464000	RELEASED	site0	848
14464000	REJECTED	site0	848
14465000	RELEASED	site0	849
14465000	REJECTED	site0	849
14468000	COMPLETED	site1	842
14468000	STARTED	site1	838
14469000	RELEASED	site0	850
14469000	REJECTED	site0	850
14474000	RELEASED	site0	851
14474000	ACCEPTED	site1	851
14474000	STARTED	site1	838
14475000	COMPLETED	site1	838
14475000	STARTED	site1	846
14476000	COMPLETED	site1	846
14476000	STARTED	site1	841
14486000	COMPLETED	site1	841
14486000	STARTED	site1	851
14486000	RELEASED	site0	852
14486000	REJECTED	site0	852
14490000	COMPLETED	site1	851
14490000	STARTED	site1	819
14493000	RELEASED	site0	853
14493000	REJECTED	site0	853
14496000	COMPLETED	site1	819
14496000	STARTED	site1	835
14499000	RELEASED	site0	854
14499000	REJECTED	site0	854
14505000	RELEASED	site0	855
14505000	REJECTED	site0	855
14511000	RELEASED	site0	856
14511000	ACCEPTED	site1	856
14511000	STARTED	site1	835
14512000	RELEASED	site0	857
14512000	REJECTED	site0	857
14521000	RELEASED	site0	858
14521000	ACCEPTED	site1	858
14521000	STARTED	site1	858
14523000	COMPLETED	site1	858
14523000	STARTED	site1	835
14524000	RELEASED	site0	859
14524000	REJECTED	site0	859
14528000	RELEASED	site0	860
14528000	ACCEPTED	site1	860
14528000	STARTED	site1	835
14532000	RELEASED	site0	861
14532000	REJECTED	site0	861
14533000	RELEASED	site0	862
14533000	REJECTED	site0	862
14549000	RELEASED	site0	863
14549000	REJECTED	site0	863
14559000	RELEASED	site0	864
14559000	REJECTED	site0	864
14560000	RELEASED	site0	865
14560000	ACCEPTED	site1	865
14560000	STARTED	site1	835
14563000	RELEASED	site0	866
14563000	ACCEPTED	site1	866
14563000	STARTED	site1	835
14566000	COMPLETED	site1	835
14566000	STARTED	site1	866
14567000	RELEASED	site0	867
14567000	REJECTED	site0	867
14572000	RELEASED	site0	868
14572000	ACCEPTED	site1	868
14572000	STARTED	site1	866
14573000	COMPLETED	site1	866
14573000	STARTED	site1	856
14576000	RELEASED	site0	869
14576000	REJECTED	site0	869
14579000	COMPLETED	site1	856
14579000	STARTED	site1	860
14585000	RELEASED	site0	870
14585000	ACCEPTED	site1	870
14585000	STARTED	site1	870
14591000	RELEASED	site0	871
14591000	REJECTED	site0	871
14592000	RELEASED	site0	872
14592000	ACCEPTED	site1	872
14592000	STARTED	site1	870
14594000	COMPLETED	site1	870
14594000	STARTED	site1	860
14596000	COMPLETED	site1	860
14596000	STARTED	site1	836
14597000	RELEASED	site0	873
14597000	REJECTED	site0	873
14607000	RELEASED	site0	874
14607000	ACCEPTED	site1	874
14607000	STARTED	site1	836
14608000	COMPLETED	site1	836
14608000	STARTED	site1	872
14609000	RELEASED	site0	875
14609000	REJECTED	site0	875
14616000	COMPLETED	site1	872
14616000	STARTED	site1	874
14620000	COMPLETED	site1	874
14620000	STARTED	site1	868
14624000	COMPLETED	site1	868
14624000	STARTED	site1	865
14624000	RELEASED	site0	876
14624000	ACCEPTED	site1	876
14624000	STARTED	site1	876
14626000	RELEASED	site0	877
14626000	ACCEPTED	site1	877
14626000	STARTED	site1	876
14632000	RELEASED	site0	878
14632000	ACCEPTED	site1	878
14632000	STARTED	site1	878
14637000	RELEASED	site0	879
14637000	ACCEPTED	site1	879
14637000	STARTED	site1	878
14638000	COMPLETED	site1	878
14638000	STARTED	site1	879
14640000	COMPLETED	site1	879
14640000	STARTED	site1	876
14644000	RELEASED	site0	880
14644000	REJECTED	site0	880
14646000	RELEASED	site0	881
14646000	ACCEPTED	site1	881
14646000	STARTED	site1	876
14650000	COMPLETED	site1	876
14650000	STARTED	site1	865
14653000	RELEASED	site0	882
14653000	REJECTED	site0	882
14657000	COMPLETED	site1	865
14657000	STARTED	site1	826
14657000	RELEASED	site0	883
14657000	ACCEPTED	site1	883
14657000	STARTED	site1	826
14658000	RELEASED	site0	884
14658000	ACCEPTED	site1	884
14658000	STARTED	site1	826
14663000	COMPLETED	site1	826
14663000	STARTED	site1	877
14664000	RELEASED	site0	885
14664000	REJECTED	site0	885
14666000	RELEASED	site0	886
14666000	REJECTED	site0	886
14669000	RELEASED	site0	887
14669000	ACCEPTED	site1	887
14669000	STARTED	site1	877
14670000	COMPLETED	site1	877
14670000	STARTED	site1	881
14672000	RELEASED	site0	888
14672000	REJECTED	site0	888
14676000	RELEASED	site0	889
14676000	ACCEPTED	site1	889
14676000	STARTED	site1	881
14688000	RELEASED	site0	890
14688000	REJECTED	site0	890
14689000	RELEASED	site0	891
14689000	REJECTED	site0	891
14692000	COMPLETED	site1	881
14692000	STARTED	site1	884
14694000	RELEASED	site0	892
14694000	REJECTED	site0	892
14698000	COMPLETED	site1	884
14698000	STARTED	site1	887
14704000	RELEASED	site0	893
14704000	ACCEPTED	site1	893
14704000	STARTED	site1	893
14704000	RELEASED	site0	894
14704000	REJECTED	site0	894
14706000	COMPLETED	site1	893
14706000	STARTED	site1	887
14709000	RELEASED	site0	895
14709000	REJECTED	site0	895
14711000	COMPLETED	site1	887
14711000	STARTED	site1	889
14720000	RELEASED	site0	896
14720000	ACCEPTED	site1	896
14720000	STARTED	site1	889
14731000	COMPLETED	site1	889
14731000	STARTED	site1	896
14732000	RELEASED	site0	897
14732000	REJECTED	site0	897
14735000	COMPLETED	site1	896
14735000	STARTED	site1	883
14741000	RELEASED	site0	898
14741000	ACCEPTED	site1	898
14741000	STARTED	site1	898
14741000	RELEASED	site0	899
14741000	REJECTED	site0	899
14751000	RELEASED	site0	900
14751000	ACCEPTED	site1	900
14751000	STARTED	site1	898
14753000	COMPLETED	site1	898
14753000	STARTED	site1	883
14756000	RELEASED	site0	901
14756000	ACCEPTED	site1	901
14756000	STARTED	site1	901
14757000	COMPLETED	site1	901
14757000	STARTED	site1	883
14761000	RELEASED	site0	902
14761000	REJECTED	site0	902
14765000	RELEASED	site0	903
14765000	ACCEPTED	site1	903
14765000	STARTED	site1	883
14769000	COMPLETED	site1	883
14769000	STARTED	site1	900
14770000	RELEASED	site0	904
14770000	REJECTED	site0	904
14772000	COMPLETED	site1	900
14772000	STARTED	site1	903
14778000	RELEASED	site0	905
14778000	ACCEPTED	site1	905
14778000	STARTED	site1	903
14782000	COMPLETED	site1	903
14782000	STARTED	site1	905
14782000	RELEASED	site0	906
14782000	ACCEPTED	site1	906
14782000	STARTED	site1	906
14785000	RELEASED	site0	907
14785000	ACCEPTED	site1	907
14785000	STARTED	site1	906
14791000	RELEASED	site0	908
14791000	ACCEPTED	site1	908
14791000	STARTED	site1	906
14793000	RELEASED	site0	909
14793000	REJECTED	site0	909
14794000	COMPLETED	site1	906
14794000	STARTED	site1	907
14794000	RELEASED	site0	910
14794000	REJECTED	site0	910
14795000	RELEASED	site0	911
14795000	ACCEPTED	site1	911
14795000	STARTED	site1	907
14801000	RELEASED	site0	912
14801000	REJECTED	site0	912
14801000	RELEASED	site0	913
14801000	ACCEPTED	site1	913
14801000	STARTED	site1	907
14801000	RELEASED	site0	914
14801000	ACCEPTED	site1	914
14801000	STARTED	site1	907
14801000	RELEASED	site0	915
14801000	ACCEPTED	site1	915
14801000	STARTED	site1	907
14802000	RELEASED	site0	916
14802000	REJECTED	site0	916
14804000	RELEASED	site0	917
14804000	REJECTED	site0	917
14808000	RELEASED	site0	918
14808000	ACCEPTED	site1	918
14808000	STARTED	site1	907
14815000	COMPLETED	site1	907
14815000	STARTED	site1	908
14817000	RELEASED	site0	919
14817000	ACCEPTED	site1	919
14817000	STARTED	site1	919
14825000	COMPLETED	site1	919
14825000	STARTED	site1	908
14826000	COMPLETED	site1	908
14826000	STARTED	site1	905
14830000	RELEASED	site0	920
14830000	ACCEPTED	site1	920
14830000	STARTED	site1	920
14830000	RELEASED	site0	921
14830000	REJECTED	site0	921
14831000	RELEASED	site0	922
14831000	REJECTED	site0	922
14833000	COMPLETED	site1	920
14833000	STARTED	site1	905
14836000	RELEASED	site0	923
14836000	ACCEPTED	site1	923
14836000	STARTED	site1	905
14840000	COMPLETED	site1	905
14840000	STARTED	site1	913
14844000	RELEASED	site0	924
14844000	ACCEPTED	site1	924
14844000	STARTED	site1	924
14844000	RELEASED	site0	925
14844000	REJECTED	site0	925
14848000	RELEASED	site0	926
14848000	ACCEPTED	site1	926
14848000	STARTED	site1	924
14855000	RELEASED	site0	927
14855000	REJECTED	site0	927
14858000	RELEASED	site0	928
14858000	ACCEPTED	site1	928
14858000	STARTED	site1	924
14859000	RELEASED	site0	929
14859000	ACCEPTED	site1	929
14859000	STARTED	site1	924
14862000	COMPLETED	site1	924
14862000	STARTED	site1	929
14863000	COMPLETED	site1	929
14863000	STARTED	site1	928
14863000	RELEASED	site0	930
14863000	REJECTED	site0	930
14868000	COMPLETED	site1	928
14868000	STARTED	site1	913
14868000	RELEASED	site0	931
14868000	REJECTED	site0	931
14868000	RELEASED	site0	932
14868000	ACCEPTED	site1	932
14868000	STARTED	site1	932
14876000	RELEASED	site0	933
14876000	ACCEPTED	site1	933
14876000	STARTED	site1	933
14879000	RELEASED	site0	934
14879000	ACCEPTED	site1	934
14879000	STARTED	site1	933
14885000	RELEASED	site0	935
14885000	ACCEPTED	site1	935
14885000	STARTED	site1	933
14892000	RELEASED	site0	936
14892000	ACCEPTED	site1	936
14892000	STARTED	site1	933
14893000	RELEASED	site0	937
14893000	REJECTED	site0	937
14898000	COMPLETED	site1	933
14898000	STARTED	site1	935
14899000	RELEASED	site0	938
14899000	ACCEPTED	site1	938
14899000	STARTED	site1	935
14904000	RELEASED	site0	939
14904000	REJECTED	site0	939
14905000	RELEASED	site0	940
14905000	ACCEPTED	site1	940
14905000	STARTED	site1	935
14908000	RELEASED	site0	941
14908000	REJECTED	site0	941
14910000	RELEASED	site0	942
14910000	ACCEPTED	site1	942
14910000	STARTED	site1	935
14916000	COMPLETED	site1	935
14916000	STARTED	site1	936
14917000	RELEASED	site0	943
14917000	REJECTED	site0	943
14919000	RELEASED	site0	944
14919000	ACCEPTED	site1	944
14919000	STARTED	site1	936
14921000	COMPLETED	site1	936
14921000	STARTED	site1	938
14923000	COMPLETED	site1	938
14923000	STARTED	site1	934
14931000	RELEASED	site0	945
14931000	REJECTED	site0	945
14935000	RELEASED	site0	946
14935000	ACCEPTED	site1	946
14935000	STARTED	site1	934
14936000	RELEASED	site0	947
14936000	REJECTED	site0	947
14939000	RELEASED	site0	948
14939000	ACCEPTED	site1	948
14939000	STARTED	site1	934
14941000	COMPLETED	site1	934
14941000	STARTED	site1	942
14941000	RELEASED	site0	949
14941000	REJECTED	site0	949
14942000	COMPLETED	site1	942
14942000	STARTED	site1	944
14944000	COMPLETED	site1	944
14944000	STARTED	site1	946
14946000	RELEASED	site0	950
14946000	ACCEPTED	site1	950
14946000	STARTED	site1	946
14951000	RELEASED	site0	951
14951000	ACCEPTED	site1	951
14951000	STARTED	site1	951
14952000	RELEASED	site0	952
14952000	REJECTED	site0	952
14954000	COMPLETED	site1	951
14954000	STARTED	site1	946
14963000	RELEASED	site0	953
14963000	ACCEPTED	site1	953
14963000	STARTED	site1	946
14965000	RELEASED	site0	954
14965000	REJECTED	site0	954
14973000	RELEASED	site0	955
14973000	ACCEPTED	site1	955
14973000	STARTED	site1	955
14974000	COMPLETED	site1	955
14974000	STARTED	site1	946
14977000	RELEASED	site0	956
14977000	REJECTED	site0	956
14979000	COMPLETED	site1	946
14979000	STARTED	site1	950
14980000	RELEASED	site0	957
14980000	REJECTED	site0	957
14982000	COMPLETED	site1	950
14982000	STARTED	site1	932
14983000	RELEASED	site0	958
14983000	ACCEPTED	site1	958
14983000	STARTED	site1	932
14988000	COMPLETED	site1	932
14988000	STARTED	site1	958
14988000	RELEASED	site0	959
14988000	ACCEPTED	site1	959
14988000	STARTED	site1	959
14993000	COMPLETED	site1	959
14993000	STARTED	site1	958
14994000	RELEASED	site0	960
14994000	ACCEPTED	site1	960
14994000	STARTED	site1	960
14997000	RELEASED	site0	961
14997000	REJECTED	site0	961
15000000	RELEASED	site0	962
15000000	ACCEPTED	site1	962
15000000	STARTED	site1	960
15001000	COMPLETED	site1	960
15001000	STARTED	site1	962
15004000	COMPLETED	site1	962
15004000	STARTED	site1	958
15004000	RELEASED	site0	963
15004000	ACCEPTED	site1	963
15004000	STARTED	site1	963
15005000	COMPLETED	site1	963
15005000	STARTED	site1	958
15008000	RELEASED	site0	964
15008000	REJECTED	site0	964
15010000	RELEASED	site0	965
15010000	ACCEPTED	site1	965
15010000	STARTED	site1	965
15019000	COMPLETED	site1	965
15019000	STARTED	site1	958
15021000	RELEASED	site0	966
15021000	REJECTED	site0	966
15033000	RELEASED	site0	967
15033000	ACCEPTED	site1	967
15033000	STARTED	site1	967
15035000	COMPLETED	site1	967
15035000	STARTED	site1	958
15036000	COMPLETED	site1	958
15036000	STARTED	site1	953
15037000	COMPLETED	site1	953
15037000	STARTED	site1	913
15039000	RELEASED	site0	968
15039000	REJECTED	site0	968
15051000	RELEASED	site0	969
15051000	REJECTED	site0	969
15055000	RELEASED	site0	970
15055000	ACCEPTED	site1	970
15055000	STARTED	site1	970
15086000	COMPLETED	site1	970
15086000	STARTED	site1	913
15111000	RELEASED	site0	971
15111000	ACCEPTED	site1	971
15111000	STARTED	site1	971
15126000	RELEASED	site0	972
15126000	REJECTED	site0	972
15135000	COMPLETED	site1	971
15135000	STARTED	site1	913
15149000	RELEASED	site0	973
15149000	ACCEPTED	site1	973
15149000	STARTED	site1	913
15149000	RELEASED	site0	974
15149000	REJECTED	site0	974
15151000	RELEASED	site0	975
15151000	ACCEPTED	site1	975
15151000	STARTED	site1	913
15162000	RELEASED	site0	976
15162000	ACCEPTED	site1	976
15162000	STARTED	site1	976
15164000	RELEASED	site0	977
15164000	REJECTED	site0	977
15170000	RELEASED	site0	978
15170000	REJECTED	site0	978
15175000	RELEASED	site0	979
15175000	REJECTED	site0	979
15181000	RELEASED	site0	980
15181000	REJECTED	site0	980
15186000	RELEASED	site0	981
15186000	REJECTED	site0	981
15194000	COMPLETED	site1	976
15194000	STARTED	site1	913
15208000	RELEASED	site0	982
15208000	REJECTED	site0	982
15211000	RELEASED	site0	983
15211000	REJECTED	site0	983
15217000	RELEASED	site0	984
15217000	REJECTED	site0	984
15225000	RELEASED	site0	985
15225000	ACCEPTED	site1	985
15225000	STARTED	site1	913
15239000	RELEASED	site0	986
15239000	REJECTED	site0	986
15245000	RELEASED	site0	987
15245000	REJECTED	site0	987
15252000	RELEASED	site0	988
15252000	REJECTED	site0	988
15276000	RELEASED	site0	989
15276000	REJECTED	site0	989
15286000	RELEASED	site0	990
15286000	REJECTED	site0	990
15304000	RELEASED	site0	991
15304000	REJECTED	site0	991
15337000	RELEASED	site0	992
15337000	REJECTED	site0	992
15346000	RELEASED	site0	993
15346000	ACCEPTED	site1	993
15346000	STARTED	site1	913
15352000	RELEASED	site0	994
15352000	REJECTED	site0	994
15357000	RELEASED	site0	995
15357000	REJECTED	site0	995
15363000	RELEASED	site0	996
15363000	REJECTED	site0	996
15364000	RELEASED	site0	997
15364000	REJECTED	site0	997
15365000	RELEASED	site0	998
15365000	ACCEPTED	site1	998
15365000	STARTED	site1	913
15372000	RELEASED	site0	999
15372000	REJECTED	site0	999
15376000	RELEASED	site0	1000
15376000	REJECTED	site0	1000
15503000	COMPLETED	site1	913
15503000	STARTED	site1	923
15512000	COMPLETED	site1	923
15512000	STARTED	site1	940
15514000	COMPLETED	site1	940
15514000	STARTED	site1	911
15520000	COMPLETED	site1	911
15520000	STARTED	site1	918
15530000	COMPLETED	site1	918
15530000	STARTED	site1	926
15532000	COMPLETED	site1	926
15532000	STARTED	site1	914
15930000	COMPLETED	site1	914
15930000	STARTED	site1	915
15936000	COMPLETED	site1	915
15936000	STARTED	site1	948
15937000	COMPLETED	site1	948
15937000	STARTED	site1	973
15970000	COMPLETED	site1	973
15970000	STARTED	site1	975
15995000	COMPLETED	site1	975
15995000	STARTED	site1	993
16048000	COMPLETED	site1	993
16048000	STARTED	site1	985
16070000	COMPLETED	site1	985
16070000	STARTED	site1	452
16305000	COMPLETED	site1	452
16305000	STARTED	site1	998
16350000	COMPLETED	site1	998
16350000	STARTED	site1	443
16544000	COMPLETED	site1	443
16544000	STARTED	site1	561
16576000	COMPLETED	site1	561
16576000	STARTED	site1	803
16587000	COMPLETED	site1	803
