DEBUG main de.irf.it.rmg.core.teikoku.job.Provenance - added episode: new state is RESUMED (was: INTERRUPTED)
DEBUG main de.irf.it.rmg.sim.kuiga.Kernel - dispatch new event to queue: JobStartedEventRegister[id=449791,timestamp=Instant[49927000]]
DEBUG main de.irf.it.rmg.sim.kuiga.Kernel - dispatch new event to queue: JobStartedEvent[id=449790,timestamp=Instant[61437000]]
DEBUG main de.irf.it.rmg.core.teikoku.site.schedule.Schedule - added new job SWFJob[number=1999,relaseTime=Instant[23263000],runTime=9615,processors=1,duration=Period[advent=Instant[67495000],cessation=Instant[77110000]]] to the schedule
DEBUG main de.irf.it.rmg.core.teikoku.job.Provenance - added episode: new state is RESUMED (was: INTERRUPTED)
DEBUG main de.irf.it.rmg.sim.kuiga.Kernel - dispatch new event to queue: JobStartedEventRegister[id=449793,timestamp=Instant[49927000]]
DEBUG main de.irf.it.rmg.sim.kuiga.Kernel - dispatch new event to queue: JobStartedEvent[id=449792,timestamp=Instant[67495000]]
DEBUG main de.irf.it.rmg.core.teikoku.site.schedule.Schedule - added new job SWFJob[number=1460,relaseTime=Instant[19375000],runTime=12937,processors=1,duration=Period[advent=Instant[77110000],cessation=Instant[90047000]]] to the schedule
DEBUG main de.irf.it.rmg.core.teikoku.job.Provenance - added episode: new state is RESUMED (was: INTERRUPTED)
DEBUG main de.irf.it.rmg.sim.kuiga.Kernel - dispatch new event to queue: JobStartedEventRegister[id=449795,timestamp=Instant[49927000]]
DEBUG main de.irf.it.rmg.sim.kuiga.Kernel - dispatch new event to queue: JobStartedEvent[id=449794,timestamp=Instant[77110000]]
DEBUG main de.irf.it.rmg.core.teikoku.site.schedule.Schedule - added new job SWFJob[number=1756,relaseTime=Instant[21455000],runTime=19663,processors=1,duration=Period[advent=Instant[90047000],cessation=Instant[109710000]]] to the schedule
DEBUG main de.irf.it.rmg.core.teikoku.job.Provenance - added episode: new state is RESUMED (was: INTERRUPTED)
DEBUG main de.irf.it.rmg.sim.kuiga.Kernel - dispatch new event to queue: JobStartedEventRegister[id=449797,timestamp=Instant[49927000]]
DEBUG main de.irf.it.rmg.sim.kuiga.Kernel - dispatch new event to queue: JobStartedEvent[id=449796,timestamp=Instant[90047000]]
DEBUG main de.irf.it.rmg.core.teikoku.site.schedule.Schedule - added new job SWFJob[number=1772,relaseTime=Instant[21631000],runTime=97225,processors=1,duration=Period[advent=Instant[109710000],cessation=Instant[206935000]]] to the schedule
DEBUG main de.irf.it.rmg.core.teikoku.job.Provenance - added episode: new state is RESUMED (was: INTERRUPTED)
DEBUG main de.irf.it.rmg.sim.kuiga.Kernel - dispatch new event to queue: JobStartedEventRegister[id=449799,timestamp=Instant[49927000]]
DEBUG main de.irf.it.rmg.sim.kuiga.Kernel - dispatch new event to queue: JobStartedEvent[id=449798,timestamp=Instant[109710000]]
DEBUG main de.irf.it.rmg.sim.kuiga.Kernel - fetching next event in queue: JobStartedEventRegister[id=449785,timestamp=Instant[49927000]]
DEBUG main de.irf.it.rmg.sim.kuiga.Kernel - fetching next event in queue: JobStartedEventRegister[id=449787,timestamp=Instant[49927000]]
DEBUG main de.irf.it.rmg.sim.kuiga.Kernel - fetching next event in queue: JobStartedEventRegister[id=449789,timestamp=Instant[49927000]]
DEBUG main de.irf.it.rmg.sim.kuiga.Kernel - fetching next event in queue: JobStartedEventRegister[id=449791,timestamp=Instant[49927000]]
DEBUG main de.irf.it.rmg.sim.kuiga.Kernel - fetching next event in queue: JobStartedEventRegister[id=449793,timestamp=Instant[49927000]]
DEBUG main de.irf.it.rmg.sim.kuiga.Kernel - fetching next event in queue: JobStartedEventRegister[id=449795,timestamp=Instant[49927000]]
DEBUG main de.irf.it.rmg.sim.kuiga.Kernel - fetching next event in queue: JobStartedEventRegister[id=449797,timestamp=Instant[49927000]]
DEBUG main de.irf.it.rmg.sim.kuiga.Kernel - fetching next event in queue: JobStartedEventRegister[id=449799,timestamp=Instant[49927000]]
DEBUG main de.irf.it.rmg.sim.kuiga.Kernel - fetching next event in queue: JobStartedEvent[id=449784,timestamp=Instant[49927000]]
DEBUG main de.irf.it.rmg.sim.kuiga.Kernel - dispatch new event to queue: JobCompletedEvent[id=449800,timestamp=Instant[52454000]]
DEBUG main de.irf.it.rmg.core.teikoku.job.Provenance - added episode: new state is STARTED (was: RESUMED)
DEBUG main de.irf.it.rmg.sim.kuiga.Kernel - woke up on Instant[52454000]
DEBUG main de.irf.it.rmg.sim.kuiga.Kernel - handling events on Instant[52454000]
DEBUG main de.irf.it.rmg.sim.kuiga.Kernel - fetching next event in queue: JobCompletedEvent[id=449800,timestamp=Instant[52454000]]
DEBUG main de.irf.it.rmg.core.teikoku.job.Provenance - added episode: new state is COMPLETED (was: STARTED)
DEBUG main de.irf.it.rmg.sim.kuiga.Kernel - dispatch new event to queue: SLAReviewEvent[id=449801,timestamp=Instant[52454000]]
DEBUG main de.irf.it.rmg.sim.kuiga.Kernel - dispatch new event to queue: SLAReviewEvent[id=449802,timestamp=Instant[52454000]]
DEBUG main de.irf.it.rmg.sim.kuiga.Kernel - dispatch new event to queue: SLAReviewEvent[id=449803,timestamp=Instant[52454000]]
DEBUG main de.irf.it.rmg.sim.kuiga.Kernel - dispatch new event to queue: SLAReviewEvent[id=449804,timestamp=Instant[52454000]]
DEBUG main de.irf.it.rmg.sim.kuiga.Kernel - dispatch new event to queue: SLAReviewEvent[id=449805,timestamp=Instant[52454000]]
DEBUG main de.irf.it.rmg.sim.kuiga.Kernel - dispatch new event to queue: SLAReviewEvent[id=449806,timestamp=Instant[52454000]]
DEBUG main de.irf.it.rmg.sim.kuiga.Kernel - dispatch new event to queue: SLAReviewEvent[id=449807,timestamp=Instant[52454000]]
DEBUG main de.irf.it.rmg.sim.kuiga.Kernel - dispatch new event to queue: StartSchedulingEvent[id=449808,timestamp=Instant[52454000]]
DEBUG main de.irf.it.rmg.sim.kuiga.Kernel - fetching next event in queue: SLAReviewEvent[id=449801,timestamp=Instant[52454000]]
DEBUG main de.irf.it.rmg.core.teikoku.job.Provenance - added episode: new state is INTERRUPTED (was: RESUMED)
DEBUG main de.irf.it.rmg.sim.kuiga.Kernel - fetching next event in queue: SLAReviewEvent[id=449802,timestamp=Instant[52454000]]
DEBUG main de.irf.it.rmg.core.teikoku.job.Provenance - added episode: new state is INTERRUPTED (was: RESUMED)
DEBUG main de.irf.it.rmg.sim.kuiga.Kernel - fetching next event in queue: SLAReviewEvent[id=449803,timestamp=Instant[52454000]]
DEBUG main de.irf.it.rmg.core.teikoku.job.Provenance - added episode: new state is INTERRUPTED (was: RESUMED)
DEBUG main de.irf.it.rmg.sim.kuiga.Kernel - fetching next event in queue: SLAReviewEvent[id=449804,timestamp=Instant[52454000]]
DEBUG main de.irf.it.rmg.core.teikoku.job.Provenance - added episode: new state is INTERRUPTED (was: RESUMED)
DEBUG main de.irf.it.rmg.sim.kuiga.Kernel - fetching next event in queue: SLAReviewEvent[id=449805,timestamp=Instant[52454000]]
DEBUG main de.irf.it.rmg.core.teikoku.job.Provenance - added episode: new state is INTERRUPTED (was: RESUMED)
DEBUG main de.irf.it.rmg.sim.kuiga.Kernel - fetching next event in queue: SLAReviewEvent[id=449806,timestamp=Instant[52454000]]
DEBUG main de.irf.it.rmg.core.teikoku.job.Provenance - added episode: new state is INTERRUPTED (was: RESUMED)
DEBUG main de.irf.it.rmg.sim.kuiga.Kernel - fetching next event in queue: SLAReviewEvent[id=449807,timestamp=Instant[52454000]]
DEBUG main de.irf.it.rmg.core.teikoku.job.Provenance - added episode: new state is INTERRUPTED (was: RESUMED)
DEBUG main de.irf.it.rmg.sim.kuiga.Kernel - fetching next event in queue: StartSchedulingEvent[id=449808,timestamp=Instant[52454000]]
DEBUG main de.irf.it.rmg.core.teikoku.site.schedule.Schedule - added new job SWFJob[number=1709,relaseTime=Instant[21012000],runTime=4053,processors=1,duration=Period[advent=Instant[52454000],cessation=Instant[56507000]]] to the schedule
DEBUG main de.irf.it.rmg.core.teikoku.job.Provenance - added episode: new state is RESUMED (was: INTERRUPTED)
DEBUG main de.irf.it.rmg.sim.kuiga.Kernel - dispatch new event to queue: JobStartedEventRegister[id=449810,timestamp=Instant[52454000]]
DEBUG main de.irf.it.rmg.sim.kuiga.Kernel - dispatch new event to queue: JobStartedEvent[id=449809,timestamp=Instant[52454000]]
DEBUG main de.irf.it.rmg.core.teikoku.site.schedule.Schedule - added new job SWFJob[number=1910,relaseTime=Instant[22844000],runTime=4930,processors=1,duration=Period[advent=Instant[56507000],cessation=Instant[61437000]]] to the schedule
DEBUG main de.irf.it.rmg.core.teikoku.job.Provenance - added episode: new state is RESUMED (was: INTERRUPTED)
DEBUG main de.irf.it.rmg.sim.kuiga.Kernel - dispatch new event to queue: JobStartedEventRegister[id=449812,timestamp=Instant[52454000]]
DEBUG main de.irf.it.rmg.sim.kuiga.Kernel - dispatch new event to queue: JobStartedEvent[id=449811,timestamp=Instant[56507000]]
DEBUG main de.irf.it.rmg.core.teikoku.site.schedule.Schedule - added new job SWFJob[number=1947,relaseTime=Instant[22994000],runTime=6058,processors=1,duration=Period[advent=Instant[61437000],cessation=Instant[67495000]]] to the schedule
DEBUG main de.irf.it.rmg.core.teikoku.job.Provenance - added episode: new state is RESUMED (was: INTERRUPTED)
DEBUG main de.irf.it.rmg.sim.kuiga.Kernel - dispatch new event to queue: JobStartedEventRegister[id=449814,timestamp=Instant[52454000]]
DEBUG main de.irf.it.rmg.sim.kuiga.Kernel - dispatch new event to queue: JobStartedEvent[id=449813,timestamp=Instant[61437000]]
DEBUG main de.irf.it.rmg.core.teikoku.site.schedule.Schedule - added new job SWFJob[number=1999,relaseTime=Instant[23263000],runTime=9615,processors=1,duration=Period[advent=Instant[67495000],cessation=Instant[77110000]]] to the schedule
DEBUG main de.irf.it.rmg.core.teikoku.job.Provenance - added episode: new state is RESUMED (was: INTERRUPTED)
DEBUG main de.irf.it.rmg.sim.kuiga.Kernel - dispatch new event to queue: JobStartedEventRegister[id=449816,timestamp=Instant[52454000]]
DEBUG main de.irf.it.rmg.sim.kuiga.Kernel - dispatch new event to queue: JobStartedEvent[id=449815,timestamp=Instant[67495000]]
DEBUG main de.irf.it.rmg.core.teikoku.site.schedule.Schedule - added new job SWFJob[number=1460,relaseTime=Instant[19375000],runTime=12937,processors=1,duration=Period[advent=Instant[77110000],cessation=Instant[90047000]]] to the schedule
DEBUG main de.irf.it.rmg.core.teikoku.job.Provenance - added episode: new state is RESUMED (was: INTERRUPTED)
DEBUG main de.irf.it.rmg.sim.kuiga.Kernel - dispatch new event to queue: JobStartedEventRegister[id=449818,timestamp=Instant[52454000]]
DEBUG main de.irf.it.rmg.sim.kuiga.Kernel - dispatch new event to queue: JobStartedEvent[id=449817,timestamp=Instant[77110000]]
DEBUG main de.irf.it.rmg.core.teikoku.site.schedule.Schedule - added new job SWFJob[number=1756,relaseTime=Instant[21455000],runTime=19663,processors=1,duration=Period[advent=Instant[90047000],cessation=Instant[109710000]]] to the schedule
DEBUG main de.irf.it.rmg.core.teikoku.job.Provenance - added episode: new state is RESUMED (was: INTERRUPTED)
DEBUG main de.irf.it.rmg.sim.kuiga.Kernel - dispatch new event to queue: JobStartedEventRegister[id=449820,timestamp=Instant[52454000]]
DEBUG main de.irf.it.rmg.sim.kuiga.Kernel - dispatch new event to queue: JobStartedEvent[id=449819,timestamp=Instant[90047000]]
DEBUG main de.irf.it.rmg.core.teikoku.site.schedule.Schedule - added new job SWFJob[number=1772,relaseTime=Instant[21631000],runTime=97225,processors=1,duration=Period[advent=Instant[109710000],cessation=Instant[206935000]]] to the schedule
DEBUG main de.irf.it.rmg.core.teikoku.job.Provenance - added episode: new state is RESUMED (was: INTERRUPTED)
DEBUG main de.irf.it.rmg.sim.kuiga.Kernel - dispatch new event to queue: JobStartedEventRegister[id=449822,timestamp=Instant[52454000]]
DEBUG main de.irf.it.rmg.sim.kuiga.Kernel - dispatch new event to queue: JobStartedEvent[id=449821,timestamp=Instant[109710000]]
DEBUG main de.irf.it.rmg.sim.kuiga.Kernel - fetching next event in queue: JobStartedEventRegister[id=449810,timestamp=Instant[52454000]]
DEBUG main de.irf.it.rmg.sim.kuiga.Kernel - fetching next event in queue: JobStartedEventRegister[id=449812,timestamp=Instant[52454000]]
DEBUG main de.irf.it.rmg.sim.kuiga.Kernel - fetching next event in queue: JobStartedEventRegister[id=449814,timestamp=Instant[52454000]]
DEBUG main de.irf.it.rmg.sim.kuiga.Kernel - fetching next event in queue: JobStartedEventRegister[id=449816,timestamp=Instant[52454000]]
DEBUG main de.irf.it.rmg.sim.kuiga.Kernel - fetching next event in queue: JobStartedEventRegister[id=449818,timestamp=Instant[52454000]]
DEBUG main de.irf.it.rmg.sim.kuiga.Kernel - fetching next event in queue: JobStartedEventRegister[id=449820,timestamp=Instant[52454000]]
DEBUG main de.irf.it.rmg.sim.kuiga.Kernel - fetching next event in queue: JobStartedEventRegister[id=449822,timestamp=Instant[52454000]]
DEBUG main de.irf.it.rmg.sim.kuiga.Kernel - fetching next event in queue: JobStartedEvent[id=449809,timestamp=Instant[52454000]]
DEBUG main de.irf.it.rmg.sim.kuiga.Kernel - dispatch new event to queue: JobCompletedEvent[id=449823,timestamp=Instant[56507000]]
DEBUG main de.irf.it.rmg.core.teikoku.job.Provenance - added episode: new state is STARTED (was: RESUMED)
DEBUG main de.irf.it.rmg.sim.kuiga.Kernel - woke up on Instant[56507000]
DEBUG main de.irf.it.rmg.sim.kuiga.Kernel - handling events on Instant[56507000]
DEBUG main de.irf.it.rmg.sim.kuiga.Kernel - fetching next event in queue: JobCompletedEvent[id=449823,timestamp=Instant[56507000]]
DEBUG main de.irf.it.rmg.core.teikoku.job.Provenance - added episode: new state is COMPLETED (was: STARTED)
DEBUG main de.irf.it.rmg.sim.kuiga.Kernel - dispatch new event to queue: SLAReviewEvent[id=449824,timestamp=Instant[56507000]]
DEBUG main de.irf.it.rmg.sim.kuiga.Kernel - dispatch new event to queue: SLAReviewEvent[id=449825,timestamp=Instant[56507000]]
DEBUG main de.irf.it.rmg.sim.kuiga.Kernel - dispatch new event to queue: SLAReviewEvent[id=449826,timestamp=Instant[56507000]]
DEBUG main de.irf.it.rmg.sim.kuiga.Kernel - dispatch new event to queue: SLAReviewEvent[id=449827,timestamp=Instant[56507000]]
DEBUG main de.irf.it.rmg.sim.kuiga.Kernel - dispatch new event to queue: SLAReviewEvent[id=449828,timestamp=Instant[56507000]]
DEBUG main de.irf.it.rmg.sim.kuiga.Kernel - dispatch new event to queue: SLAReviewEvent[id=449829,timestamp=Instant[56507000]]
DEBUG main de.irf.it.rmg.sim.kuiga.Kernel - dispatch new event to queue: StartSchedulingEvent[id=449830,timestamp=Instant[56507000]]
DEBUG main de.irf.it.rmg.sim.kuiga.Kernel - fetching next event in queue: SLAReviewEvent[id=449824,timestamp=Instant[56507000]]
DEBUG main de.irf.it.rmg.core.teikoku.job.Provenance - added episode: new state is INTERRUPTED (was: RESUMED)
DEBUG main de.irf.it.rmg.sim.kuiga.Kernel - fetching next event in queue: SLAReviewEvent[id=449825,timestamp=Instant[56507000]]
DEBUG main de.irf.it.rmg.core.teikoku.job.Provenance - added episode: new state is INTERRUPTED (was: RESUMED)
DEBUG main de.irf.it.rmg.sim.kuiga.Kernel - fetching next event in queue: SLAReviewEvent[id=449826,timestamp=Instant[56507000]]
DEBUG main de.irf.it.rmg.core.teikoku.job.Provenance - added episode: new state is INTERRUPTED (was: RESUMED)
DEBUG main de.irf.it.rmg.sim.kuiga.Kernel - fetching next event in queue: SLAReviewEvent[id=449827,timestamp=Instant[56507000]]
DEBUG main de.irf.it.rmg.core.teikoku.job.Provenance - added episode: new state is INTERRUPTED (was: RESUMED)
DEBUG main de.irf.it.rmg.sim.kuiga.Kernel - fetching next event in queue: SLAReviewEvent[id=449828,timestamp=Instant[56507000]]
DEBUG main de.irf.it.rmg.core.teikoku.job.Provenance - added episode: new state is INTERRUPTED (was: RESUMED)
DEBUG main de.irf.it.rmg.sim.kuiga.Kernel - fetching next event in queue: SLAReviewEvent[id=449829,timestamp=Instant[56507000]]
DEBUG main de.irf.it.rmg.core.teikoku.job.Provenance - added episode: new state is INTERRUPTED (was: RESUMED)
DEBUG main de.irf.it.rmg.sim.kuiga.Kernel - fetching next event in queue: StartSchedulingEvent[id=449830,timestamp=Instant[56507000]]
DEBUG main de.irf.it.rmg.core.teikoku.site.schedule.Schedule - added new job SWFJob[number=1910,relaseTime=Instant[22844000],runTime=4930,processors=1,duration=Period[advent=Instant[56507000],cessation=Instant[61437000]]] to the schedule
DEBUG main de.irf.it.rmg.core.teikoku.job.Provenance - added episode: new state is RESUMED (was: INTERRUPTED)
DEBUG main de.irf.it.rmg.sim.kuiga.Kernel - dispatch new event to queue: JobStartedEventRegister[id=449832,timestamp=Instant[56507000]]
DEBUG main de.irf.it.rmg.sim.kuiga.Kernel - dispatch new event to queue: JobStartedEvent[id=449831,timestamp=Instant[56507000]]
DEBUG main de.irf.it.rmg.core.teikoku.site.schedule.Schedule - added new job SWFJob[number=1947,relaseTime=Instant[22994000],runTime=6058,processors=1,duration=Period[advent=Instant[61437000],cessation=Instant[67495000]]] to the schedule
DEBUG main de.irf.it.rmg.core.teikoku.job.Provenance - added episode: new state is RESUMED (was: INTERRUPTED)
DEBUG main de.irf.it.rmg.sim.kuiga.Kernel - dispatch new event to queue: JobStartedEventRegister[id=449834,timestamp=Instant[56507000]]
DEBUG main de.irf.it.rmg.sim.kuiga.Kernel - dispatch new event to queue: JobStartedEvent[id=449833,timestamp=Instant[61437000]]
DEBUG main de.irf.it.rmg.core.teikoku.site.schedule.Schedule - added new job SWFJob[number=1999,relaseTime=Instant[23263000],runTime=9615,processors=1,duration=Period[advent=Instant[67495000],cessation=Instant[77110000]]] to the schedule
DEBUG main de.irf.it.rmg.core.teikoku.job.Provenance - added episode: new state is RESUMED (was: INTERRUPTED)
DEBUG main de.irf.it.rmg.sim.kuiga.Kernel - dispatch new event to queue: JobStartedEventRegister[id=449836,timestamp=Instant[56507000]]
DEBUG main de.irf.it.rmg.sim.kuiga.Kernel - dispatch new event to queue: JobStartedEvent[id=449835,timestamp=Instant[67495000]]
DEBUG main de.irf.it.rmg.core.teikoku.site.schedule.Schedule - added new job SWFJob[number=1460,relaseTime=Instant[19375000],runTime=12937,processors=1,duration=Period[advent=Instant[77110000],cessation=Instant[90047000]]] to the schedule
DEBUG main de.irf.it.rmg.core.teikoku.job.Provenance - added episode: new state is RESUMED (was: INTERRUPTED)
DEBUG main de.irf.it.rmg.sim.kuiga.Kernel - dispatch new event to queue: JobStartedEventRegister[id=449838,timestamp=Instant[56507000]]
DEBUG main de.irf.it.rmg.sim.kuiga.Kernel - dispatch new event to queue: JobStartedEvent[id=449837,timestamp=Instant[77110000]]
DEBUG main de.irf.it.rmg.core.teikoku.site.schedule.Schedule - added new job SWFJob[number=1756,relaseTime=Instant[21455000],runTime=19663,processors=1,duration=Period[advent=Instant[90047000],cessation=Instant[109710000]]] to the schedule
DEBUG main de.irf.it.rmg.core.teikoku.job.Provenance - added episode: new state is RESUMED (was: INTERRUPTED)
DEBUG main de.irf.it.rmg.sim.kuiga.Kernel - dispatch new event to queue: JobStartedEventRegister[id=449840,timestamp=Instant[56507000]]
DEBUG main de.irf.it.rmg.sim.kuiga.Kernel - dispatch new event to queue: JobStartedEvent[id=449839,timestamp=Instant[90047000]]
DEBUG main de.irf.it.rmg.core.teikoku.site.schedule.Schedule - added new job SWFJob[number=1772,relaseTime=Instant[21631000],runTime=97225,processors=1,duration=Period[advent=Instant[109710000],cessation=Instant[206935000]]] to the schedule
DEBUG main de.irf.it.rmg.core.teikoku.job.Provenance - added episode: new state is RESUMED (was: INTERRUPTED)
DEBUG main de.irf.it.rmg.sim.kuiga.Kernel - dispatch new event to queue: JobStartedEventRegister[id=449842,timestamp=Instant[56507000]]
DEBUG main de.irf.it.rmg.sim.kuiga.Kernel - dispatch new event to queue: JobStartedEvent[id=449841,timestamp=Instant[109710000]]
DEBUG main de.irf.it.rmg.sim.kuiga.Kernel - fetching next event in queue: JobStartedEventRegister[id=449832,timestamp=Instant[56507000]]
DEBUG main de.irf.it.rmg.sim.kuiga.Kernel - fetching next event in queue: JobStartedEventRegister[id=449834,timestamp=Instant[56507000]]
DEBUG main de.irf.it.rmg.sim.kuiga.Kernel - fetching next event in queue: JobStartedEventRegister[id=449836,timestamp=Instant[56507000]]
DEBUG main de.irf.it.rmg.sim.kuiga.Kernel - fetching next event in queue: JobStartedEventRegister[id=449838,timestamp=Instant[56507000]]
DEBUG main de.irf.it.rmg.sim.kuiga.Kernel - fetching next event in queue: JobStartedEventRegister[id=449840,timestamp=Instant[56507000]]
DEBUG main de.irf.it.rmg.sim.kuiga.Kernel - fetching next event in queue: JobStartedEventRegister[id=449842,timestamp=Instant[56507000]]
DEBUG main de.irf.it.rmg.sim.kuiga.Kernel - fetching next event in queue: JobStartedEvent[id=449831,timestamp=Instant[56507000]]
DEBUG main de.irf.it.rmg.sim.kuiga.Kernel - dispatch new event to queue: JobCompletedEvent[id=449843,timestamp=Instant[61437000]]
DEBUG main de.irf.it.rmg.core.teikoku.job.Provenance - added episode: new state is STARTED (was: RESUMED)
DEBUG main de.irf.it.rmg.sim.kuiga.Kernel - woke up on Instant[61437000]
DEBUG main de.irf.it.rmg.sim.kuiga.Kernel - handling events on Instant[61437000]
DEBUG main de.irf.it.rmg.sim.kuiga.Kernel - fetching next event in queue: JobCompletedEvent[id=449843,timestamp=Instant[61437000]]
DEBUG main de.irf.it.rmg.core.teikoku.job.Provenance - added episode: new state is COMPLETED (was: STARTED)
DEBUG main de.irf.it.rmg.sim.kuiga.Kernel - dispatch new event to queue: SLAReviewEvent[id=449844,timestamp=Instant[61437000]]
DEBUG main de.irf.it.rmg.sim.kuiga.Kernel - dispatch new event to queue: SLAReviewEvent[id=449845,timestamp=Instant[61437000]]
DEBUG main de.irf.it.rmg.sim.kuiga.Kernel - dispatch new event to queue: SLAReviewEvent[id=449846,timestamp=Instant[61437000]]
DEBUG main de.irf.it.rmg.sim.kuiga.Kernel - dispatch new event to queue: SLAReviewEvent[id=449847,timestamp=Instant[61437000]]
DEBUG main de.irf.it.rmg.sim.kuiga.Kernel - dispatch new event to queue: SLAReviewEvent[id=449848,timestamp=Instant[61437000]]
DEBUG main de.irf.it.rmg.sim.kuiga.Kernel - dispatch new event to queue: StartSchedulingEvent[id=449849,timestamp=Instant[61437000]]
DEBUG main de.irf.it.rmg.sim.kuiga.Kernel - fetching next event in queue: SLAReviewEvent[id=449844,timestamp=Instant[61437000]]
DEBUG main de.irf.it.rmg.core.teikoku.job.Provenance - added episode: new state is INTERRUPTED (was: RESUMED)
DEBUG main de.irf.it.rmg.sim.kuiga.Kernel - fetching next event in queue: SLAReviewEvent[id=449845,timestamp=Instant[61437000]]
DEBUG main de.irf.it.rmg.core.teikoku.job.Provenance - added episode: new state is INTERRUPTED (was: RESUMED)
DEBUG main de.irf.it.rmg.sim.kuiga.Kernel - fetching next event in queue: SLAReviewEvent[id=449846,timestamp=Instant[61437000]]
DEBUG main de.irf.it.rmg.core.teikoku.job.Provenance - added episode: new state is INTERRUPTED (was: RESUMED)
DEBUG main de.irf.it.rmg.sim.kuiga.Kernel - fetching next event in queue: SLAReviewEvent[id=449847,timestamp=Instant[61437000]]
DEBUG main de.irf.it.rmg.core.teikoku.job.Provenance - added episode: new state is INTERRUPTED (was: RESUMED)
DEBUG main de.irf.it.rmg.sim.kuiga.Kernel - fetching next event in queue: SLAReviewEvent[id=449848,timestamp=Instant[61437000]]
DEBUG main de.irf.it.rmg.core.teikoku.job.Provenance - added episode: new state is INTERRUPTED (was: RESUMED)
DEBUG main de.irf.it.rmg.sim.kuiga.Kernel - fetching next event in queue: StartSchedulingEvent[id=449849,timestamp=Instant[61437000]]
DEBUG main de.irf.it.rmg.core.teikoku.site.schedule.Schedule - added new job SWFJob[number=1947,relaseTime=Instant[22994000],runTime=6058,processors=1,duration=Period[advent=Instant[61437000],cessation=Instant[67495000]]] to the schedule
DEBUG main de.irf.it.rmg.core.teikoku.job.Provenance - added episode: new state is RESUMED (was: INTERRUPTED)
DEBUG main de.irf.it.rmg.sim.kuiga.Kernel - dispatch new event to queue: JobStartedEventRegister[id=449851,timestamp=Instant[61437000]]
DEBUG main de.irf.it.rmg.sim.kuiga.Kernel - dispatch new event to queue: JobStartedEvent[id=449850,timestamp=Instant[61437000]]
DEBUG main de.irf.it.rmg.core.teikoku.site.schedule.Schedule - added new job SWFJob[number=1999,relaseTime=Instant[23263000],runTime=9615,processors=1,duration=Period[advent=Instant[67495000],cessation=Instant[77110000]]] to the schedule
DEBUG main de.irf.it.rmg.core.teikoku.job.Provenance - added episode: new state is RESUMED (was: INTERRUPTED)
DEBUG main de.irf.it.rmg.sim.kuiga.Kernel - dispatch new event to queue: JobStartedEventRegister[id=449853,timestamp=Instant[61437000]]
DEBUG main de.irf.it.rmg.sim.kuiga.Kernel - dispatch new event to queue: JobStartedEvent[id=449852,timestamp=Instant[67495000]]
DEBUG main de.irf.it.rmg.core.teikoku.site.schedule.Schedule - added new job SWFJob[number=1460,relaseTime=Instant[19375000],runTime=12937,processors=1,duration=Period[advent=Instant[77110000],cessation=Instant[90047000]]] to the schedule
DEBUG main de.irf.it.rmg.core.teikoku.job.Provenance - added episode: new state is RESUMED (was: INTERRUPTED)
DEBUG main de.irf.it.rmg.sim.kuiga.Kernel - dispatch new event to queue: JobStartedEventRegister[id=449855,timestamp=Instant[61437000]]
DEBUG main de.irf.it.rmg.sim.kuiga.Kernel - dispatch new event to queue: JobStartedEvent[id=449854,timestamp=Instant[77110000]]
DEBUG main de.irf.it.rmg.core.teikoku.site.schedule.Schedule - added new job SWFJob[number=1756,relaseTime=Instant[21455000],runTime=19663,processors=1,duration=Period[advent=Instant[90047000],cessation=Instant[109710000]]] to the schedule
DEBUG main de.irf.it.rmg.core.teikoku.job.Provenance - added episode: new state is RESUMED (was: INTERRUPTED)
DEBUG main de.irf.it.rmg.sim.kuiga.Kernel - dispatch new event to queue: JobStartedEventRegister[id=449857,timestamp=Instant[61437000]]
DEBUG main de.irf.it.rmg.sim.kuiga.Kernel - dispatch new event to queue: JobStartedEvent[id=449856,timestamp=Instant[90047000]]
DEBUG main de.irf.it.rmg.core.teikoku.site.schedule.Schedule - added new job SWFJob[number=1772,relaseTime=Instant[21631000],runTime=97225,processors=1,duration=Period[advent=Instant[109710000],cessation=Instant[206935000]]] to the schedule
DEBUG main de.irf.it.rmg.core.teikoku.job.Provenance - added episode: new state is RESUMED (was: INTERRUPTED)
DEBUG main de.irf.it.rmg.sim.kuiga.Kernel - dispatch new event to queue: JobStartedEventRegister[id=449859,timestamp=Instant[61437000]]
DEBUG main de.irf.it.rmg.sim.kuiga.Kernel - dispatch new event to queue: JobStartedEvent[id=449858,timestamp=Instant[109710000]]
DEBUG main de.irf.it.rmg.sim.kuiga.Kernel - fetching next event in queue: JobStartedEventRegister[id=449851,timestamp=Instant[61437000]]
DEBUG main de.irf.it.rmg.sim.kuiga.Kernel - fetching next event in queue: JobStartedEventRegister[id=449853,timestamp=Instant[61437000]]
DEBUG main de.irf.it.rmg.sim.kuiga.Kernel - fetching next event in queue: JobStartedEventRegister[id=449855,timestamp=Instant[61437000]]
DEBUG main de.irf.it.rmg.sim.kuiga.Kernel - fetching next event in queue: JobStartedEventRegister[id=449857,timestamp=Instant[61437000]]
DEBUG main de.irf.it.rmg.sim.kuiga.Kernel - fetching next event in queue: JobStartedEventRegister[id=449859,timestamp=Instant[61437000]]
DEBUG main de.irf.it.rmg.sim.kuiga.Kernel - fetching next event in queue: JobStartedEvent[id=449850,timestamp=Instant[61437000]]
DEBUG main de.irf.it.rmg.sim.kuiga.Kernel - dispatch new event to queue: JobCompletedEvent[id=449860,timestamp=Instant[67495000]]
DEBUG main de.irf.it.rmg.core.teikoku.job.Provenance - added episode: new state is STARTED (was: RESUMED)
DEBUG main de.irf.it.rmg.sim.kuiga.Kernel - woke up on Instant[67495000]
DEBUG main de.irf.it.rmg.sim.kuiga.Kernel - handling events on Instant[67495000]
DEBUG main de.irf.it.rmg.sim.kuiga.Kernel - fetching next event in queue: JobCompletedEvent[id=449860,timestamp=Instant[67495000]]
DEBUG main de.irf.it.rmg.core.teikoku.job.Provenance - added episode: new state is COMPLETED (was: STARTED)
DEBUG main de.irf.it.rmg.sim.kuiga.Kernel - dispatch new event to queue: SLAReviewEvent[id=449861,timestamp=Instant[67495000]]
DEBUG main de.irf.it.rmg.sim.kuiga.Kernel - dispatch new event to queue: SLAReviewEvent[id=449862,timestamp=Instant[67495000]]
DEBUG main de.irf.it.rmg.sim.kuiga.Kernel - dispatch new event to queue: SLAReviewEvent[id=449863,timestamp=Instant[67495000]]
DEBUG main de.irf.it.rmg.sim.kuiga.Kernel - dispatch new event to queue: SLAReviewEvent[id=449864,timestamp=Instant[67495000]]
DEBUG main de.irf.it.rmg.sim.kuiga.Kernel - dispatch new event to queue: StartSchedulingEvent[id=449865,timestamp=Instant[67495000]]
DEBUG main de.irf.it.rmg.sim.kuiga.Kernel - fetching next event in queue: SLAReviewEvent[id=449861,timestamp=Instant[67495000]]
DEBUG main de.irf.it.rmg.core.teikoku.job.Provenance - added episode: new state is INTERRUPTED (was: RESUMED)
DEBUG main de.irf.it.rmg.sim.kuiga.Kernel - fetching next event in queue: SLAReviewEvent[id=449862,timestamp=Instant[67495000]]
DEBUG main de.irf.it.rmg.core.teikoku.job.Provenance - added episode: new state is INTERRUPTED (was: RESUMED)
DEBUG main de.irf.it.rmg.sim.kuiga.Kernel - fetching next event in queue: SLAReviewEvent[id=449863,timestamp=Instant[67495000]]
DEBUG main de.irf.it.rmg.core.teikoku.job.Provenance - added episode: new state is INTERRUPTED (was: RESUMED)
DEBUG main de.irf.it.rmg.sim.kuiga.Kernel - fetching next event in queue: SLAReviewEvent[id=449864,timestamp=Instant[67495000]]
DEBUG main de.irf.it.rmg.core.teikoku.job.Provenance - added episode: new state is INTERRUPTED (was: RESUMED)
DEBUG main de.irf.it.rmg.sim.kuiga.Kernel - fetching next event in queue: StartSchedulingEvent[id=449865,timestamp=Instant[67495000]]
DEBUG main de.irf.it.rmg.core.teikoku.site.schedule.Schedule - added new job SWFJob[number=1999,relaseTime=Instant[23263000],runTime=9615,processors=1,duration=Period[advent=Instant[67495000],cessation=Instant[77110000]]] to the schedule
DEBUG main de.irf.it.rmg.core.teikoku.job.Provenance - added episode: new state is RESUMED (was: INTERRUPTED)
DEBUG main de.irf.it.rmg.sim.kuiga.Kernel - dispatch new event to queue: JobStartedEventRegister[id=449867,timestamp=Instant[67495000]]
DEBUG main de.irf.it.rmg.sim.kuiga.Kernel - dispatch new event to queue: JobStartedEvent[id=449866,timestamp=Instant[67495000]]
DEBUG main de.irf.it.rmg.core.teikoku.site.schedule.Schedule - added new job SWFJob[number=1460,relaseTime=Instant[19375000],runTime=12937,processors=1,duration=Period[advent=Instant[77110000],cessation=Instant[90047000]]] to the schedule
DEBUG main de.irf.it.rmg.core.teikoku.job.Provenance - added episode: new state is RESUMED (was: INTERRUPTED)
DEBUG main de.irf.it.rmg.sim.kuiga.Kernel - dispatch new event to queue: JobStartedEventRegister[id=449869,timestamp=Instant[67495000]]
DEBUG main de.irf.it.rmg.sim.kuiga.Kernel - dispatch new event to queue: JobStartedEvent[id=449868,timestamp=Instant[77110000]]
DEBUG main de.irf.it.rmg.core.teikoku.site.schedule.Schedule - added new job SWFJob[number=1756,relaseTime=Instant[21455000],runTime=19663,processors=1,duration=Period[advent=Instant[90047000],cessation=Instant[109710000]]] to the schedule
DEBUG main de.irf.it.rmg.core.teikoku.job.Provenance - added episode: new state is RESUMED (was: INTERRUPTED)
DEBUG main de.irf.it.rmg.sim.kuiga.Kernel - dispatch new event to queue: JobStartedEventRegister[id=449871,timestamp=Instant[67495000]]
DEBUG main de.irf.it.rmg.sim.kuiga.Kernel - dispatch new event to queue: JobStartedEvent[id=449870,timestamp=Instant[90047000]]
DEBUG main de.irf.it.rmg.core.teikoku.site.schedule.Schedule - added new job SWFJob[number=1772,relaseTime=Instant[21631000],runTime=97225,processors=1,duration=Period[advent=Instant[109710000],cessation=Instant[206935000]]] to the schedule
DEBUG main de.irf.it.rmg.core.teikoku.job.Provenance - added episode: new state is RESUMED (was: INTERRUPTED)
DEBUG main de.irf.it.rmg.sim.kuiga.Kernel - dispatch new event to queue: JobStartedEventRegister[id=449873,timestamp=Instant[67495000]]
DEBUG main de.irf.it.rmg.sim.kuiga.Kernel - dispatch new event to queue: JobStartedEvent[id=449872,timestamp=Instant[109710000]]
DEBUG main de.irf.it.rmg.sim.kuiga.Kernel - fetching next event in queue: JobStartedEventRegister[id=449867,timestamp=Instant[67495000]]
DEBUG main de.irf.it.rmg.sim.kuiga.Kernel - fetching next event in queue: JobStartedEventRegister[id=449869,timestamp=Instant[67495000]]
DEBUG main de.irf.it.rmg.sim.kuiga.Kernel - fetching next event in queue: JobStartedEventRegister[id=449871,timestamp=Instant[67495000]]
DEBUG main de.irf.it.rmg.sim.kuiga.Kernel - fetching next event in queue: JobStartedEventRegister[id=449873,timestamp=Instant[67495000]]
DEBUG main de.irf.it.rmg.sim.kuiga.Kernel - fetching next event in queue: JobStartedEvent[id=449866,timestamp=Instant[67495000]]
DEBUG main de.irf.it.rmg.sim.kuiga.Kernel - dispatch new event to queue: JobCompletedEvent[id=449874,timestamp=Instant[77110000]]
DEBUG main de.irf.it.rmg.core.teikoku.job.Provenance - added episode: new state is STARTED (was: RESUMED)
DEBUG main de.irf.it.rmg.sim.kuiga.Kernel - woke up on Instant[77110000]
DEBUG main de.irf.it.rmg.sim.kuiga.Kernel - handling events on Instant[77110000]
DEBUG main de.irf.it.rmg.sim.kuiga.Kernel - fetching next event in queue: JobCompletedEvent[id=449874,timestamp=Instant[77110000]]
DEBUG main de.irf.it.rmg.core.teikoku.job.Provenance - added episode: new state is COMPLETED (was: STARTED)
DEBUG main de.irf.it.rmg.sim.kuiga.Kernel - dispatch new event to queue: SLAReviewEvent[id=449875,timestamp=Instant[77110000]]
DEBUG main de.irf.it.rmg.sim.kuiga.Kernel - dispatch new event to queue: SLAReviewEvent[id=449876,timestamp=Instant[77110000]]
DEBUG main de.irf.it.rmg.sim.kuiga.Kernel - dispatch new event to queue: SLAReviewEvent[id=449877,timestamp=Instant[77110000]]
DEBUG main de.irf.it.rmg.sim.kuiga.Kernel - dispatch new event to queue: StartSchedulingEvent[id=449878,timestamp=Instant[77110000]]
DEBUG main de.irf.it.rmg.sim.kuiga.Kernel - fetching next event in queue: SLAReviewEvent[id=449875,timestamp=Instant[77110000]]
DEBUG main de.irf.it.rmg.core.teikoku.job.Provenance - added episode: new state is INTERRUPTED (was: RESUMED)
DEBUG main de.irf.it.rmg.sim.kuiga.Kernel - fetching next event in queue: SLAReviewEvent[id=449876,timestamp=Instant[77110000]]
DEBUG main de.irf.it.rmg.core.teikoku.job.Provenance - added episode: new state is INTERRUPTED (was: RESUMED)
DEBUG main de.irf.it.rmg.sim.kuiga.Kernel - fetching next event in queue: SLAReviewEvent[id=449877,timestamp=Instant[77110000]]
DEBUG main de.irf.it.rmg.core.teikoku.job.Provenance - added episode: new state is INTERRUPTED (was: RESUMED)
DEBUG main de.irf.it.rmg.sim.kuiga.Kernel - fetching next event in queue: StartSchedulingEvent[id=449878,timestamp=Instant[77110000]]
DEBUG main de.irf.it.rmg.core.teikoku.site.schedule.Schedule - added new job SWFJob[number=1460,relaseTime=Instant[19375000],runTime=12937,processors=1,duration=Period[advent=Instant[77110000],cessation=Instant[90047000]]] to the schedule
DEBUG main de.irf.it.rmg.core.teikoku.job.Provenance - added episode: new state is RESUMED (was: INTERRUPTED)
DEBUG main de.irf.it.rmg.sim.kuiga.Kernel - dispatch new event to queue: JobStartedEventRegister[id=449880,timestamp=Instant[77110000]]
DEBUG main de.irf.it.rmg.sim.kuiga.Kernel - dispatch new event to queue: JobStartedEvent[id=449879,timestamp=Instant[77110000]]
DEBUG main de.irf.it.rmg.core.teikoku.site.schedule.Schedule - added new job SWFJob[number=1756,relaseTime=Instant[21455000],runTime=19663,processors=1,duration=Period[advent=Instant[90047000],cessation=Instant[109710000]]] to the schedule
DEBUG main de.irf.it.rmg.core.teikoku.job.Provenance - added episode: new state is RESUMED (was: INTERRUPTED)
DEBUG main de.irf.it.rmg.sim.kuiga.Kernel - dispatch new event to queue: JobStartedEventRegister[id=449882,timestamp=Instant[77110000]]
DEBUG main de.irf.it.rmg.sim.kuiga.Kernel - dispatch new event to queue: JobStartedEvent[id=449881,timestamp=Instant[90047000]]
DEBUG main de.irf.it.rmg.core.teikoku.site.schedule.Schedule - added new job SWFJob[number=1772,relaseTime=Instant[21631000],runTime=97225,processors=1,duration=Period[advent=Instant[109710000],cessation=Instant[206935000]]] to the schedule
DEBUG main de.irf.it.rmg.core.teikoku.job.Provenance - added episode: new state is RESUMED (was: INTERRUPTED)
DEBUG main de.irf.it.rmg.sim.kuiga.Kernel - dispatch new event to queue: JobStartedEventRegister[id=449884,timestamp=Instant[77110000]]
DEBUG main de.irf.it.rmg.sim.kuiga.Kernel - dispatch new event to queue: JobStartedEvent[id=449883,timestamp=Instant[109710000]]
DEBUG main de.irf.it.rmg.sim.kuiga.Kernel - fetching next event in queue: JobStartedEventRegister[id=449880,timestamp=Instant[77110000]]
DEBUG main de.irf.it.rmg.sim.kuiga.Kernel - fetching next event in queue: JobStartedEventRegister[id=449882,timestamp=Instant[77110000]]
DEBUG main de.irf.it.rmg.sim.kuiga.Kernel - fetching next event in queue: JobStartedEventRegister[id=449884,timestamp=Instant[77110000]]
DEBUG main de.irf.it.rmg.sim.kuiga.Kernel - fetching next event in queue: JobStartedEvent[id=449879,timestamp=Instant[77110000]]
DEBUG main de.irf.it.rmg.sim.kuiga.Kernel - dispatch new event to queue: JobCompletedEvent[id=449885,timestamp=Instant[90047000]]
DEBUG main de.irf.it.rmg.core.teikoku.job.Provenance - added episode: new state is STARTED (was: RESUMED)
DEBUG main de.irf.it.rmg.sim.kuiga.Kernel - woke up on Instant[90047000]
DEBUG main de.irf.it.rmg.sim.kuiga.Kernel - handling events on Instant[90047000]
DEBUG main de.irf.it.rmg.sim.kuiga.Kernel - fetching next event in queue: JobCompletedEvent[id=449885,timestamp=Instant[90047000]]
DEBUG main de.irf.it.rmg.core.teikoku.job.Provenance - added episode: new state is COMPLETED (was: STARTED)
DEBUG main de.irf.it.rmg.sim.kuiga.Kernel - dispatch new event to queue: SLAReviewEvent[id=449886,timestamp=Instant[90047000]]
DEBUG main de.irf.it.rmg.sim.kuiga.Kernel - dispatch new event to queue: SLAReviewEvent[id=449887,timestamp=Instant[90047000]]
DEBUG main de.irf.it.rmg.sim.kuiga.Kernel - dispatch new event to queue: StartSchedulingEvent[id=449888,timestamp=Instant[90047000]]
DEBUG main de.irf.it.rmg.sim.kuiga.Kernel - fetching next event in queue: SLAReviewEvent[id=449886,timestamp=Instant[90047000]]
DEBUG main de.irf.it.rmg.core.teikoku.job.Provenance - added episode: new state is INTERRUPTED (was: RESUMED)
DEBUG main de.irf.it.rmg.sim.kuiga.Kernel - fetching next event in queue: SLAReviewEvent[id=449887,timestamp=Instant[90047000]]
DEBUG main de.irf.it.rmg.core.teikoku.job.Provenance - added episode: new state is INTERRUPTED (was: RESUMED)
DEBUG main de.irf.it.rmg.sim.kuiga.Kernel - fetching next event in queue: StartSchedulingEvent[id=449888,timestamp=Instant[90047000]]
DEBUG main de.irf.it.rmg.core.teikoku.site.schedule.Schedule - added new job SWFJob[number=1756,relaseTime=Instant[21455000],runTime=19663,processors=1,duration=Period[advent=Instant[90047000],cessation=Instant[109710000]]] to the schedule
DEBUG main de.irf.it.rmg.core.teikoku.job.Provenance - added episode: new state is RESUMED (was: INTERRUPTED)
DEBUG main de.irf.it.rmg.sim.kuiga.Kernel - dispatch new event to queue: JobStartedEventRegister[id=449890,timestamp=Instant[90047000]]
DEBUG main de.irf.it.rmg.sim.kuiga.Kernel - dispatch new event to queue: JobStartedEvent[id=449889,timestamp=Instant[90047000]]
DEBUG main de.irf.it.rmg.core.teikoku.site.schedule.Schedule - added new job SWFJob[number=1772,relaseTime=Instant[21631000],runTime=97225,processors=1,duration=Period[advent=Instant[109710000],cessation=Instant[206935000]]] to the schedule
DEBUG main de.irf.it.rmg.core.teikoku.job.Provenance - added episode: new state is RESUMED (was: INTERRUPTED)
DEBUG main de.irf.it.rmg.sim.kuiga.Kernel - dispatch new event to queue: JobStartedEventRegister[id=449892,timestamp=Instant[90047000]]
DEBUG main de.irf.it.rmg.sim.kuiga.Kernel - dispatch new event to queue: JobStartedEvent[id=449891,timestamp=Instant[109710000]]
DEBUG main de.irf.it.rmg.sim.kuiga.Kernel - fetching next event in queue: JobStartedEventRegister[id=449890,timestamp=Instant[90047000]]
DEBUG main de.irf.it.rmg.sim.kuiga.Kernel - fetching next event in queue: JobStartedEventRegister[id=449892,timestamp=Instant[90047000]]
DEBUG main de.irf.it.rmg.sim.kuiga.Kernel - fetching next event in queue: JobStartedEvent[id=449889,timestamp=Instant[90047000]]
DEBUG main de.irf.it.rmg.sim.kuiga.Kernel - dispatch new event to queue: JobCompletedEvent[id=449893,timestamp=Instant[109710000]]
DEBUG main de.irf.it.rmg.core.teikoku.job.Provenance - added episode: new state is STARTED (was: RESUMED)
DEBUG main de.irf.it.rmg.sim.kuiga.Kernel - woke up on Instant[109710000]
DEBUG main de.irf.it.rmg.sim.kuiga.Kernel - handling events on Instant[109710000]
DEBUG main de.irf.it.rmg.sim.kuiga.Kernel - fetching next event in queue: JobCompletedEvent[id=449893,timestamp=Instant[109710000]]
DEBUG main de.irf.it.rmg.core.teikoku.job.Provenance - added episode: new state is COMPLETED (was: STARTED)
DEBUG main de.irf.it.rmg.sim.kuiga.Kernel - dispatch new event to queue: SLAReviewEvent[id=449894,timestamp=Instant[109710000]]
DEBUG main de.irf.it.rmg.sim.kuiga.Kernel - dispatch new event to queue: StartSchedulingEvent[id=449895,timestamp=Instant[109710000]]
DEBUG main de.irf.it.rmg.sim.kuiga.Kernel - fetching next event in queue: SLAReviewEvent[id=449894,timestamp=Instant[109710000]]
DEBUG main de.irf.it.rmg.core.teikoku.job.Provenance - added episode: new state is INTERRUPTED (was: RESUMED)
DEBUG main de.irf.it.rmg.sim.kuiga.Kernel - fetching next event in queue: StartSchedulingEvent[id=449895,timestamp=Instant[109710000]]
DEBUG main de.irf.it.rmg.core.teikoku.site.schedule.Schedule - added new job SWFJob[number=1772,relaseTime=Instant[21631000],runTime=97225,processors=1,duration=Period[advent=Instant[109710000],cessation=Instant[206935000]]] to the schedule
DEBUG main de.irf.it.rmg.core.teikoku.job.Provenance - added episode: new state is RESUMED (was: INTERRUPTED)
DEBUG main de.irf.it.rmg.sim.kuiga.Kernel - dispatch new event to queue: JobStartedEventRegister[id=449897,timestamp=Instant[109710000]]
DEBUG main de.irf.it.rmg.sim.kuiga.Kernel - dispatch new event to queue: JobStartedEvent[id=449896,timestamp=Instant[109710000]]
DEBUG main de.irf.it.rmg.sim.kuiga.Kernel - fetching next event in queue: JobStartedEventRegister[id=449897,timestamp=Instant[109710000]]
DEBUG main de.irf.it.rmg.sim.kuiga.Kernel - fetching next event in queue: JobStartedEvent[id=449896,timestamp=Instant[109710000]]
DEBUG main de.irf.it.rmg.sim.kuiga.Kernel - dispatch new event to queue: JobCompletedEvent[id=449898,timestamp=Instant[206935000]]
DEBUG main de.irf.it.rmg.core.teikoku.job.Provenance - added episode: new state is STARTED (was: RESUMED)
DEBUG main de.irf.it.rmg.sim.kuiga.Kernel - woke up on Instant[206935000]
DEBUG main de.irf.it.rmg.sim.kuiga.Kernel - handling events on Instant[206935000]
DEBUG main de.irf.it.rmg.sim.kuiga.Kernel - fetching next event in queue: JobCompletedEvent[id=449898,timestamp=Instant[206935000]]
DEBUG main de.irf.it.rmg.core.teikoku.job.Provenance - added episode: new state is COMPLETED (was: STARTED)
DEBUG main de.irf.it.rmg.sim.kuiga.Kernel - dispatch new event to queue: StartSchedulingEvent[id=449899,timestamp=Instant[206935000]]
DEBUG main de.irf.it.rmg.sim.kuiga.Kernel - fetching next event in queue: StartSchedulingEvent[id=449899,timestamp=Instant[206935000]]
